{"F:\\Coding Projects\\Game Collection\\Game-Collection\\main.js": {"path":"F:\\Coding Projects\\Game Collection\\Game-Collection\\main.js","statementMap":{"0":{"start":{"line":1,"column":0},"end":{"line":31,"column":3}},"1":{"start":{"line":3,"column":4},"end":{"line":3,"column":55}},"2":{"start":{"line":6,"column":29},"end":{"line":6,"column":738}},"3":{"start":{"line":10,"column":20},"end":{"line":10,"column":31}},"4":{"start":{"line":11,"column":8},"end":{"line":11,"column":35}},"5":{"start":{"line":12,"column":8},"end":{"line":15,"column":10}},"6":{"start":{"line":14,"column":12},"end":{"line":14,"column":51}},"7":{"start":{"line":18,"column":4},"end":{"line":18,"column":29}},"8":{"start":{"line":21,"column":22},"end":{"line":21,"column":61}},"9":{"start":{"line":22,"column":4},"end":{"line":30,"column":7}},"10":{"start":{"line":23,"column":8},"end":{"line":25,"column":11}},"11":{"start":{"line":24,"column":12},"end":{"line":24,"column":55}},"12":{"start":{"line":27,"column":8},"end":{"line":29,"column":11}},"13":{"start":{"line":28,"column":12},"end":{"line":28,"column":51}}},"fnMap":{"0":{"name":"(anonymous_0)","decl":{"start":{"line":1,"column":46},"end":{"line":1,"column":47}},"loc":{"start":{"line":1,"column":52},"end":{"line":31,"column":1}},"line":1},"1":{"name":"createPlaceholderImage","decl":{"start":{"line":9,"column":13},"end":{"line":9,"column":35}},"loc":{"start":{"line":9,"column":38},"end":{"line":16,"column":5}},"line":9},"2":{"name":"(anonymous_2)","decl":{"start":{"line":12,"column":21},"end":{"line":12,"column":22}},"loc":{"start":{"line":12,"column":32},"end":{"line":15,"column":9}},"line":12},"3":{"name":"(anonymous_3)","decl":{"start":{"line":22,"column":22},"end":{"line":22,"column":23}},"loc":{"start":{"line":22,"column":30},"end":{"line":30,"column":5}},"line":22},"4":{"name":"(anonymous_4)","decl":{"start":{"line":23,"column":44},"end":{"line":23,"column":45}},"loc":{"start":{"line":23,"column":50},"end":{"line":25,"column":9}},"line":23},"5":{"name":"(anonymous_5)","decl":{"start":{"line":27,"column":44},"end":{"line":27,"column":45}},"loc":{"start":{"line":27,"column":50},"end":{"line":29,"column":9}},"line":27}},"branchMap":{},"s":{"0":1,"1":0,"2":0,"3":0,"4":0,"5":0,"6":0,"7":0,"8":0,"9":0,"10":0,"11":0,"12":0,"13":0},"f":{"0":0,"1":0,"2":0,"3":0,"4":0,"5":0},"b":{},"_coverageSchema":"1a1c01bbd47fc00a2c39e90264f33305004495a9","hash":"35994639630c900556e6aa529298768a25899c0f"}
,"F:\\Coding Projects\\Game Collection\\Game-Collection\\games\\counting-farm\\script.js": {"path":"F:\\Coding Projects\\Game Collection\\Game-Collection\\games\\counting-farm\\script.js","statementMap":{"0":{"start":{"line":1,"column":0},"end":{"line":521,"column":3}},"1":{"start":{"line":3,"column":21},"end":{"line":3,"column":57}},"2":{"start":{"line":4,"column":20},"end":{"line":4,"column":55}},"3":{"start":{"line":5,"column":27},"end":{"line":5,"column":63}},"4":{"start":{"line":6,"column":28},"end":{"line":6,"column":67}},"5":{"start":{"line":7,"column":24},"end":{"line":7,"column":60}},"6":{"start":{"line":8,"column":22},"end":{"line":8,"column":55}},"7":{"start":{"line":9,"column":26},"end":{"line":9,"column":67}},"8":{"start":{"line":10,"column":25},"end":{"line":10,"column":57}},"9":{"start":{"line":11,"column":25},"end":{"line":11,"column":57}},"10":{"start":{"line":14,"column":16},"end":{"line":14,"column":17}},"11":{"start":{"line":15,"column":16},"end":{"line":15,"column":17}},"12":{"start":{"line":16,"column":22},"end":{"line":16,"column":24}},"13":{"start":{"line":17,"column":26},"end":{"line":17,"column":28}},"14":{"start":{"line":18,"column":24},"end":{"line":18,"column":28}},"15":{"start":{"line":21,"column":20},"end":{"line":28,"column":5}},"16":{"start":{"line":32,"column":21},"end":{"line":32,"column":34}},"17":{"start":{"line":33,"column":8},"end":{"line":42,"column":9}},"18":{"start":{"line":33,"column":21},"end":{"line":33,"column":22}},"19":{"start":{"line":34,"column":26},"end":{"line":34,"column":55}},"20":{"start":{"line":35,"column":12},"end":{"line":35,"column":41}},"21":{"start":{"line":36,"column":12},"end":{"line":36,"column":64}},"22":{"start":{"line":37,"column":12},"end":{"line":37,"column":64}},"23":{"start":{"line":38,"column":12},"end":{"line":38,"column":55}},"24":{"start":{"line":39,"column":12},"end":{"line":39,"column":57}},"25":{"start":{"line":40,"column":12},"end":{"line":40,"column":74}},"26":{"start":{"line":41,"column":12},"end":{"line":41,"column":36}},"27":{"start":{"line":46,"column":8},"end":{"line":46,"column":43}},"28":{"start":{"line":47,"column":8},"end":{"line":47,"column":18}},"29":{"start":{"line":48,"column":8},"end":{"line":48,"column":18}},"30":{"start":{"line":49,"column":8},"end":{"line":49,"column":22}},"31":{"start":{"line":52,"column":30},"end":{"line":52,"column":66}},"32":{"start":{"line":53,"column":8},"end":{"line":53,"column":49}},"33":{"start":{"line":54,"column":8},"end":{"line":54,"column":52}},"34":{"start":{"line":56,"column":8},"end":{"line":56,"column":48}},"35":{"start":{"line":57,"column":8},"end":{"line":57,"column":42}},"36":{"start":{"line":58,"column":8},"end":{"line":58,"column":47}},"37":{"start":{"line":60,"column":8},"end":{"line":60,"column":27}},"38":{"start":{"line":65,"column":8},"end":{"line":65,"column":35}},"39":{"start":{"line":67,"column":8},"end":{"line":80,"column":9}},"40":{"start":{"line":69,"column":16},"end":{"line":69,"column":43}},"41":{"start":{"line":70,"column":16},"end":{"line":70,"column":22}},"42":{"start":{"line":72,"column":16},"end":{"line":72,"column":44}},"43":{"start":{"line":73,"column":16},"end":{"line":73,"column":22}},"44":{"start":{"line":75,"column":16},"end":{"line":75,"column":43}},"45":{"start":{"line":76,"column":16},"end":{"line":76,"column":22}},"46":{"start":{"line":78,"column":16},"end":{"line":78,"column":42}},"47":{"start":{"line":79,"column":16},"end":{"line":79,"column":22}},"48":{"start":{"line":84,"column":69},"end":{"line":84,"column":89}},"49":{"start":{"line":85,"column":27},"end":{"line":85,"column":86}},"50":{"start":{"line":86,"column":23},"end":{"line":86,"column":42}},"51":{"start":{"line":90,"column":25},"end":{"line":90,"column":64}},"52":{"start":{"line":91,"column":25},"end":{"line":91,"column":59}},"53":{"start":{"line":92,"column":22},"end":{"line":92,"column":86}},"54":{"start":{"line":93,"column":8},"end":{"line":93,"column":30}},"55":{"start":{"line":96,"column":28},"end":{"line":96,"column":57}},"56":{"start":{"line":97,"column":8},"end":{"line":97,"column":46}},"57":{"start":{"line":98,"column":8},"end":{"line":98,"column":79}},"58":{"start":{"line":99,"column":8},"end":{"line":99,"column":45}},"59":{"start":{"line":102,"column":32},"end":{"line":102,"column":61}},"60":{"start":{"line":103,"column":8},"end":{"line":103,"column":58}},"61":{"start":{"line":106,"column":8},"end":{"line":125,"column":9}},"62":{"start":{"line":106,"column":21},"end":{"line":106,"column":22}},"63":{"start":{"line":107,"column":34},"end":{"line":107,"column":63}},"64":{"start":{"line":108,"column":12},"end":{"line":108,"column":50}},"65":{"start":{"line":109,"column":12},"end":{"line":109,"column":77}},"66":{"start":{"line":111,"column":12},"end":{"line":115,"column":75}},"67":{"start":{"line":116,"column":12},"end":{"line":116,"column":53}},"68":{"start":{"line":117,"column":12},"end":{"line":117,"column":50}},"69":{"start":{"line":118,"column":12},"end":{"line":118,"column":49}},"70":{"start":{"line":119,"column":12},"end":{"line":119,"column":58}},"71":{"start":{"line":120,"column":12},"end":{"line":120,"column":54}},"72":{"start":{"line":123,"column":12},"end":{"line":123,"column":84}},"73":{"start":{"line":124,"column":12},"end":{"line":124,"column":55}},"74":{"start":{"line":127,"column":8},"end":{"line":127,"column":49}},"75":{"start":{"line":130,"column":8},"end":{"line":130,"column":39}},"76":{"start":{"line":135,"column":28},"end":{"line":135,"column":48}},"77":{"start":{"line":136,"column":28},"end":{"line":136,"column":87}},"78":{"start":{"line":138,"column":8},"end":{"line":140,"column":46}},"79":{"start":{"line":139,"column":12},"end":{"line":139,"column":86}},"80":{"start":{"line":143,"column":25},"end":{"line":143,"column":64}},"81":{"start":{"line":144,"column":25},"end":{"line":144,"column":59}},"82":{"start":{"line":145,"column":23},"end":{"line":145,"column":87}},"83":{"start":{"line":146,"column":23},"end":{"line":146,"column":87}},"84":{"start":{"line":149,"column":31},"end":{"line":149,"column":50}},"85":{"start":{"line":150,"column":8},"end":{"line":152,"column":85}},"86":{"start":{"line":155,"column":28},"end":{"line":155,"column":57}},"87":{"start":{"line":156,"column":8},"end":{"line":156,"column":46}},"88":{"start":{"line":157,"column":8},"end":{"line":157,"column":103}},"89":{"start":{"line":158,"column":8},"end":{"line":160,"column":9}},"90":{"start":{"line":159,"column":12},"end":{"line":159,"column":35}},"91":{"start":{"line":161,"column":8},"end":{"line":161,"column":45}},"92":{"start":{"line":164,"column":32},"end":{"line":164,"column":61}},"93":{"start":{"line":165,"column":8},"end":{"line":165,"column":47}},"94":{"start":{"line":166,"column":8},"end":{"line":166,"column":62}},"95":{"start":{"line":167,"column":8},"end":{"line":167,"column":45}},"96":{"start":{"line":168,"column":8},"end":{"line":168,"column":49}},"97":{"start":{"line":171,"column":23},"end":{"line":171,"column":52}},"98":{"start":{"line":172,"column":8},"end":{"line":172,"column":45}},"99":{"start":{"line":173,"column":28},"end":{"line":173,"column":56}},"100":{"start":{"line":174,"column":8},"end":{"line":174,"column":62}},"101":{"start":{"line":175,"column":8},"end":{"line":175,"column":47}},"102":{"start":{"line":176,"column":8},"end":{"line":176,"column":48}},"103":{"start":{"line":177,"column":8},"end":{"line":177,"column":40}},"104":{"start":{"line":179,"column":33},"end":{"line":179,"column":62}},"105":{"start":{"line":180,"column":8},"end":{"line":180,"column":59}},"106":{"start":{"line":182,"column":8},"end":{"line":197,"column":9}},"107":{"start":{"line":182,"column":21},"end":{"line":182,"column":22}},"108":{"start":{"line":183,"column":34},"end":{"line":183,"column":63}},"109":{"start":{"line":184,"column":12},"end":{"line":184,"column":50}},"110":{"start":{"line":185,"column":12},"end":{"line":185,"column":78}},"111":{"start":{"line":186,"column":12},"end":{"line":190,"column":76}},"112":{"start":{"line":191,"column":12},"end":{"line":191,"column":53}},"113":{"start":{"line":192,"column":12},"end":{"line":192,"column":50}},"114":{"start":{"line":193,"column":12},"end":{"line":193,"column":49}},"115":{"start":{"line":194,"column":12},"end":{"line":194,"column":58}},"116":{"start":{"line":195,"column":12},"end":{"line":195,"column":54}},"117":{"start":{"line":196,"column":12},"end":{"line":196,"column":56}},"118":{"start":{"line":199,"column":8},"end":{"line":199,"column":45}},"119":{"start":{"line":200,"column":8},"end":{"line":200,"column":44}},"120":{"start":{"line":203,"column":23},"end":{"line":203,"column":52}},"121":{"start":{"line":204,"column":8},"end":{"line":204,"column":45}},"122":{"start":{"line":205,"column":28},"end":{"line":205,"column":56}},"123":{"start":{"line":206,"column":8},"end":{"line":206,"column":62}},"124":{"start":{"line":207,"column":8},"end":{"line":207,"column":47}},"125":{"start":{"line":208,"column":8},"end":{"line":208,"column":48}},"126":{"start":{"line":209,"column":8},"end":{"line":209,"column":40}},"127":{"start":{"line":211,"column":33},"end":{"line":211,"column":62}},"128":{"start":{"line":212,"column":8},"end":{"line":212,"column":59}},"129":{"start":{"line":214,"column":8},"end":{"line":229,"column":9}},"130":{"start":{"line":214,"column":21},"end":{"line":214,"column":22}},"131":{"start":{"line":215,"column":34},"end":{"line":215,"column":63}},"132":{"start":{"line":216,"column":12},"end":{"line":216,"column":50}},"133":{"start":{"line":217,"column":12},"end":{"line":217,"column":78}},"134":{"start":{"line":218,"column":12},"end":{"line":222,"column":76}},"135":{"start":{"line":223,"column":12},"end":{"line":223,"column":53}},"136":{"start":{"line":224,"column":12},"end":{"line":224,"column":50}},"137":{"start":{"line":225,"column":12},"end":{"line":225,"column":49}},"138":{"start":{"line":226,"column":12},"end":{"line":226,"column":58}},"139":{"start":{"line":227,"column":12},"end":{"line":227,"column":54}},"140":{"start":{"line":228,"column":12},"end":{"line":228,"column":56}},"141":{"start":{"line":231,"column":8},"end":{"line":231,"column":45}},"142":{"start":{"line":232,"column":8},"end":{"line":232,"column":44}},"143":{"start":{"line":234,"column":8},"end":{"line":234,"column":49}},"144":{"start":{"line":237,"column":32},"end":{"line":237,"column":61}},"145":{"start":{"line":238,"column":8},"end":{"line":238,"column":56}},"146":{"start":{"line":240,"column":24},"end":{"line":240,"column":56}},"147":{"start":{"line":241,"column":8},"end":{"line":241,"column":44}},"148":{"start":{"line":242,"column":8},"end":{"line":242,"column":58}},"149":{"start":{"line":243,"column":8},"end":{"line":243,"column":45}},"150":{"start":{"line":244,"column":8},"end":{"line":244,"column":55}},"151":{"start":{"line":246,"column":24},"end":{"line":246,"column":56}},"152":{"start":{"line":247,"column":8},"end":{"line":247,"column":44}},"153":{"start":{"line":248,"column":8},"end":{"line":248,"column":58}},"154":{"start":{"line":249,"column":8},"end":{"line":249,"column":45}},"155":{"start":{"line":250,"column":8},"end":{"line":250,"column":55}},"156":{"start":{"line":252,"column":27},"end":{"line":252,"column":59}},"157":{"start":{"line":253,"column":8},"end":{"line":253,"column":47}},"158":{"start":{"line":254,"column":8},"end":{"line":254,"column":40}},"159":{"start":{"line":255,"column":8},"end":{"line":255,"column":43}},"160":{"start":{"line":256,"column":8},"end":{"line":256,"column":58}},"161":{"start":{"line":258,"column":8},"end":{"line":258,"column":45}},"162":{"start":{"line":259,"column":8},"end":{"line":259,"column":45}},"163":{"start":{"line":260,"column":8},"end":{"line":260,"column":48}},"164":{"start":{"line":262,"column":8},"end":{"line":262,"column":49}},"165":{"start":{"line":267,"column":28},"end":{"line":267,"column":48}},"166":{"start":{"line":268,"column":27},"end":{"line":268,"column":86}},"167":{"start":{"line":270,"column":31},"end":{"line":270,"column":50}},"168":{"start":{"line":271,"column":26},"end":{"line":271,"column":65}},"169":{"start":{"line":273,"column":8},"end":{"line":289,"column":9}},"170":{"start":{"line":275,"column":32},"end":{"line":275,"column":34}},"171":{"start":{"line":276,"column":12},"end":{"line":278,"column":13}},"172":{"start":{"line":276,"column":25},"end":{"line":276,"column":26}},"173":{"start":{"line":277,"column":16},"end":{"line":277,"column":36}},"174":{"start":{"line":279,"column":12},"end":{"line":279,"column":80}},"175":{"start":{"line":280,"column":12},"end":{"line":280,"column":35}},"176":{"start":{"line":283,"column":31},"end":{"line":283,"column":33}},"177":{"start":{"line":284,"column":12},"end":{"line":286,"column":13}},"178":{"start":{"line":284,"column":25},"end":{"line":284,"column":26}},"179":{"start":{"line":285,"column":16},"end":{"line":285,"column":35}},"180":{"start":{"line":287,"column":12},"end":{"line":287,"column":78}},"181":{"start":{"line":288,"column":12},"end":{"line":288,"column":34}},"182":{"start":{"line":292,"column":28},"end":{"line":292,"column":57}},"183":{"start":{"line":293,"column":8},"end":{"line":293,"column":46}},"184":{"start":{"line":294,"column":8},"end":{"line":294,"column":96}},"185":{"start":{"line":295,"column":8},"end":{"line":295,"column":45}},"186":{"start":{"line":298,"column":32},"end":{"line":298,"column":61}},"187":{"start":{"line":299,"column":8},"end":{"line":299,"column":58}},"188":{"start":{"line":302,"column":8},"end":{"line":317,"column":9}},"189":{"start":{"line":302,"column":21},"end":{"line":302,"column":22}},"190":{"start":{"line":303,"column":34},"end":{"line":303,"column":63}},"191":{"start":{"line":304,"column":12},"end":{"line":304,"column":50}},"192":{"start":{"line":305,"column":12},"end":{"line":305,"column":77}},"193":{"start":{"line":306,"column":12},"end":{"line":310,"column":75}},"194":{"start":{"line":311,"column":12},"end":{"line":311,"column":53}},"195":{"start":{"line":312,"column":12},"end":{"line":312,"column":50}},"196":{"start":{"line":313,"column":12},"end":{"line":313,"column":49}},"197":{"start":{"line":314,"column":12},"end":{"line":314,"column":58}},"198":{"start":{"line":315,"column":12},"end":{"line":315,"column":54}},"199":{"start":{"line":316,"column":12},"end":{"line":316,"column":55}},"200":{"start":{"line":319,"column":8},"end":{"line":319,"column":49}},"201":{"start":{"line":322,"column":32},"end":{"line":322,"column":61}},"202":{"start":{"line":323,"column":8},"end":{"line":323,"column":56}},"203":{"start":{"line":325,"column":26},"end":{"line":325,"column":58}},"204":{"start":{"line":326,"column":8},"end":{"line":326,"column":46}},"205":{"start":{"line":327,"column":8},"end":{"line":327,"column":38}},"206":{"start":{"line":328,"column":8},"end":{"line":328,"column":41}},"207":{"start":{"line":329,"column":8},"end":{"line":329,"column":57}},"208":{"start":{"line":331,"column":27},"end":{"line":331,"column":59}},"209":{"start":{"line":332,"column":8},"end":{"line":332,"column":47}},"210":{"start":{"line":333,"column":8},"end":{"line":333,"column":40}},"211":{"start":{"line":334,"column":8},"end":{"line":334,"column":43}},"212":{"start":{"line":335,"column":8},"end":{"line":335,"column":58}},"213":{"start":{"line":337,"column":8},"end":{"line":337,"column":47}},"214":{"start":{"line":338,"column":8},"end":{"line":338,"column":48}},"215":{"start":{"line":340,"column":8},"end":{"line":340,"column":49}},"216":{"start":{"line":345,"column":28},"end":{"line":345,"column":48}},"217":{"start":{"line":346,"column":27},"end":{"line":346,"column":86}},"218":{"start":{"line":348,"column":26},"end":{"line":348,"column":64}},"219":{"start":{"line":349,"column":23},"end":{"line":349,"column":77}},"220":{"start":{"line":351,"column":33},"end":{"line":351,"column":71}},"221":{"start":{"line":352,"column":30},"end":{"line":352,"column":91}},"222":{"start":{"line":354,"column":27},"end":{"line":354,"column":49}},"223":{"start":{"line":356,"column":8},"end":{"line":356,"column":38}},"224":{"start":{"line":359,"column":28},"end":{"line":359,"column":57}},"225":{"start":{"line":360,"column":8},"end":{"line":360,"column":46}},"226":{"start":{"line":361,"column":8},"end":{"line":361,"column":182}},"227":{"start":{"line":362,"column":8},"end":{"line":362,"column":45}},"228":{"start":{"line":365,"column":32},"end":{"line":365,"column":61}},"229":{"start":{"line":366,"column":8},"end":{"line":366,"column":58}},"230":{"start":{"line":369,"column":8},"end":{"line":384,"column":9}},"231":{"start":{"line":369,"column":21},"end":{"line":369,"column":22}},"232":{"start":{"line":370,"column":34},"end":{"line":370,"column":63}},"233":{"start":{"line":371,"column":12},"end":{"line":371,"column":50}},"234":{"start":{"line":372,"column":12},"end":{"line":372,"column":77}},"235":{"start":{"line":373,"column":12},"end":{"line":377,"column":75}},"236":{"start":{"line":378,"column":12},"end":{"line":378,"column":53}},"237":{"start":{"line":379,"column":12},"end":{"line":379,"column":50}},"238":{"start":{"line":380,"column":12},"end":{"line":380,"column":49}},"239":{"start":{"line":381,"column":12},"end":{"line":381,"column":58}},"240":{"start":{"line":382,"column":12},"end":{"line":382,"column":54}},"241":{"start":{"line":383,"column":12},"end":{"line":383,"column":55}},"242":{"start":{"line":386,"column":8},"end":{"line":386,"column":49}},"243":{"start":{"line":389,"column":30},"end":{"line":389,"column":59}},"244":{"start":{"line":390,"column":8},"end":{"line":390,"column":54}},"245":{"start":{"line":391,"column":8},"end":{"line":391,"column":45}},"246":{"start":{"line":392,"column":8},"end":{"line":392,"column":54}},"247":{"start":{"line":393,"column":8},"end":{"line":393,"column":41}},"248":{"start":{"line":394,"column":8},"end":{"line":394,"column":47}},"249":{"start":{"line":396,"column":8},"end":{"line":411,"column":9}},"250":{"start":{"line":396,"column":21},"end":{"line":396,"column":22}},"251":{"start":{"line":397,"column":24},"end":{"line":397,"column":53}},"252":{"start":{"line":398,"column":12},"end":{"line":398,"column":37}},"253":{"start":{"line":399,"column":12},"end":{"line":399,"column":37}},"254":{"start":{"line":400,"column":12},"end":{"line":400,"column":38}},"255":{"start":{"line":401,"column":12},"end":{"line":401,"column":51}},"256":{"start":{"line":402,"column":12},"end":{"line":402,"column":43}},"257":{"start":{"line":403,"column":12},"end":{"line":403,"column":65}},"258":{"start":{"line":404,"column":12},"end":{"line":404,"column":39}},"259":{"start":{"line":405,"column":12},"end":{"line":405,"column":48}},"260":{"start":{"line":406,"column":12},"end":{"line":406,"column":44}},"261":{"start":{"line":407,"column":12},"end":{"line":407,"column":34}},"262":{"start":{"line":408,"column":12},"end":{"line":408,"column":40}},"263":{"start":{"line":409,"column":12},"end":{"line":409,"column":40}},"264":{"start":{"line":410,"column":12},"end":{"line":410,"column":43}},"265":{"start":{"line":413,"column":8},"end":{"line":413,"column":47}},"266":{"start":{"line":416,"column":8},"end":{"line":416,"column":46}},"267":{"start":{"line":419,"column":32},"end":{"line":419,"column":61}},"268":{"start":{"line":420,"column":8},"end":{"line":420,"column":56}},"269":{"start":{"line":423,"column":33},"end":{"line":423,"column":70}},"270":{"start":{"line":426,"column":22},"end":{"line":426,"column":37}},"271":{"start":{"line":429,"column":8},"end":{"line":446,"column":9}},"272":{"start":{"line":432,"column":24},"end":{"line":432,"column":65}},"273":{"start":{"line":433,"column":22},"end":{"line":433,"column":56}},"274":{"start":{"line":434,"column":22},"end":{"line":434,"column":71}},"275":{"start":{"line":437,"column":12},"end":{"line":440,"column":13}},"276":{"start":{"line":438,"column":16},"end":{"line":438,"column":24}},"277":{"start":{"line":439,"column":16},"end":{"line":439,"column":53}},"278":{"start":{"line":442,"column":33},"end":{"line":442,"column":82}},"279":{"start":{"line":443,"column":12},"end":{"line":445,"column":13}},"280":{"start":{"line":444,"column":16},"end":{"line":444,"column":43}},"281":{"start":{"line":449,"column":8},"end":{"line":449,"column":40}},"282":{"start":{"line":452,"column":8},"end":{"line":459,"column":11}},"283":{"start":{"line":453,"column":27},"end":{"line":453,"column":59}},"284":{"start":{"line":454,"column":12},"end":{"line":454,"column":47}},"285":{"start":{"line":455,"column":12},"end":{"line":455,"column":40}},"286":{"start":{"line":456,"column":12},"end":{"line":456,"column":43}},"287":{"start":{"line":457,"column":12},"end":{"line":457,"column":58}},"288":{"start":{"line":458,"column":12},"end":{"line":458,"column":48}},"289":{"start":{"line":461,"column":8},"end":{"line":461,"column":49}},"290":{"start":{"line":464,"column":31},"end":{"line":464,"column":58}},"291":{"start":{"line":465,"column":26},"end":{"line":465,"column":57}},"292":{"start":{"line":468,"column":30},"end":{"line":468,"column":66}},"293":{"start":{"line":470,"column":8},"end":{"line":485,"column":9}},"294":{"start":{"line":471,"column":12},"end":{"line":471,"column":53}},"295":{"start":{"line":472,"column":12},"end":{"line":472,"column":56}},"296":{"start":{"line":473,"column":12},"end":{"line":473,"column":32}},"297":{"start":{"line":474,"column":12},"end":{"line":474,"column":93}},"298":{"start":{"line":477,"column":12},"end":{"line":480,"column":13}},"299":{"start":{"line":478,"column":16},"end":{"line":478,"column":24}},"300":{"start":{"line":479,"column":16},"end":{"line":479,"column":83}},"301":{"start":{"line":482,"column":12},"end":{"line":482,"column":48}},"302":{"start":{"line":483,"column":12},"end":{"line":483,"column":53}},"303":{"start":{"line":484,"column":12},"end":{"line":484,"column":100}},"304":{"start":{"line":487,"column":8},"end":{"line":487,"column":22}},"305":{"start":{"line":488,"column":8},"end":{"line":488,"column":44}},"306":{"start":{"line":489,"column":8},"end":{"line":489,"column":45}},"307":{"start":{"line":494,"column":8},"end":{"line":494,"column":53}},"308":{"start":{"line":495,"column":8},"end":{"line":495,"column":53}},"309":{"start":{"line":500,"column":8},"end":{"line":500,"column":42}},"310":{"start":{"line":501,"column":8},"end":{"line":501,"column":47}},"311":{"start":{"line":502,"column":8},"end":{"line":502,"column":27}},"312":{"start":{"line":507,"column":25},"end":{"line":507,"column":35}},"313":{"start":{"line":508,"column":8},"end":{"line":511,"column":9}},"314":{"start":{"line":508,"column":21},"end":{"line":508,"column":40}},"315":{"start":{"line":509,"column":22},"end":{"line":509,"column":57}},"316":{"start":{"line":510,"column":12},"end":{"line":510,"column":68}},"317":{"start":{"line":512,"column":8},"end":{"line":512,"column":24}},"318":{"start":{"line":516,"column":4},"end":{"line":516,"column":50}},"319":{"start":{"line":517,"column":4},"end":{"line":517,"column":52}},"320":{"start":{"line":520,"column":4},"end":{"line":520,"column":19}}},"fnMap":{"0":{"name":"(anonymous_0)","decl":{"start":{"line":1,"column":46},"end":{"line":1,"column":47}},"loc":{"start":{"line":1,"column":52},"end":{"line":521,"column":1}},"line":1},"1":{"name":"createClouds","decl":{"start":{"line":31,"column":13},"end":{"line":31,"column":25}},"loc":{"start":{"line":31,"column":28},"end":{"line":43,"column":5}},"line":31},"2":{"name":"startGame","decl":{"start":{"line":45,"column":13},"end":{"line":45,"column":22}},"loc":{"start":{"line":45,"column":25},"end":{"line":61,"column":5}},"line":45},"3":{"name":"generateQuestion","decl":{"start":{"line":64,"column":13},"end":{"line":64,"column":29}},"loc":{"start":{"line":64,"column":32},"end":{"line":81,"column":5}},"line":64},"4":{"name":"generateCountingQuestion","decl":{"start":{"line":84,"column":13},"end":{"line":84,"column":37}},"loc":{"start":{"line":84,"column":40},"end":{"line":131,"column":5}},"line":84},"5":{"name":"generateComparingQuestion","decl":{"start":{"line":134,"column":13},"end":{"line":134,"column":38}},"loc":{"start":{"line":134,"column":41},"end":{"line":263,"column":5}},"line":134},"6":{"name":"generateGroupingQuestion","decl":{"start":{"line":266,"column":13},"end":{"line":266,"column":37}},"loc":{"start":{"line":266,"column":40},"end":{"line":341,"column":5}},"line":266},"7":{"name":"generateSharingQuestion","decl":{"start":{"line":344,"column":13},"end":{"line":344,"column":36}},"loc":{"start":{"line":344,"column":39},"end":{"line":417,"column":5}},"line":344},"8":{"name":"createAnswerOptions","decl":{"start":{"line":418,"column":13},"end":{"line":418,"column":32}},"loc":{"start":{"line":418,"column":58},"end":{"line":462,"column":5}},"line":418},"9":{"name":"(anonymous_9)","decl":{"start":{"line":452,"column":24},"end":{"line":452,"column":25}},"loc":{"start":{"line":452,"column":34},"end":{"line":459,"column":9}},"line":452},"10":{"name":"checkAnswer","decl":{"start":{"line":463,"column":13},"end":{"line":463,"column":24}},"loc":{"start":{"line":463,"column":32},"end":{"line":490,"column":5}},"line":463},"11":{"name":"updateScore","decl":{"start":{"line":493,"column":13},"end":{"line":493,"column":24}},"loc":{"start":{"line":493,"column":27},"end":{"line":496,"column":5}},"line":493},"12":{"name":"nextQuestion","decl":{"start":{"line":499,"column":13},"end":{"line":499,"column":25}},"loc":{"start":{"line":499,"column":28},"end":{"line":503,"column":5}},"line":499},"13":{"name":"shuffleArray","decl":{"start":{"line":506,"column":13},"end":{"line":506,"column":25}},"loc":{"start":{"line":506,"column":33},"end":{"line":513,"column":5}},"line":506}},"branchMap":{"0":{"loc":{"start":{"line":67,"column":8},"end":{"line":80,"column":9}},"type":"switch","locations":[{"start":{"line":68,"column":12},"end":{"line":70,"column":22}},{"start":{"line":71,"column":12},"end":{"line":73,"column":22}},{"start":{"line":74,"column":12},"end":{"line":76,"column":22}},{"start":{"line":77,"column":12},"end":{"line":79,"column":22}}],"line":67},"1":{"loc":{"start":{"line":111,"column":40},"end":{"line":115,"column":74}},"type":"cond-expr","locations":[{"start":{"line":111,"column":65},"end":{"line":111,"column":69}},{"start":{"line":112,"column":39},"end":{"line":115,"column":74}}],"line":111},"2":{"loc":{"start":{"line":112,"column":39},"end":{"line":115,"column":74}},"type":"cond-expr","locations":[{"start":{"line":112,"column":62},"end":{"line":112,"column":66}},{"start":{"line":113,"column":39},"end":{"line":115,"column":74}}],"line":112},"3":{"loc":{"start":{"line":113,"column":39},"end":{"line":115,"column":74}},"type":"cond-expr","locations":[{"start":{"line":113,"column":62},"end":{"line":113,"column":66}},{"start":{"line":114,"column":39},"end":{"line":115,"column":74}}],"line":113},"4":{"loc":{"start":{"line":114,"column":39},"end":{"line":115,"column":74}},"type":"cond-expr","locations":[{"start":{"line":114,"column":66},"end":{"line":114,"column":70}},{"start":{"line":115,"column":39},"end":{"line":115,"column":74}}],"line":114},"5":{"loc":{"start":{"line":115,"column":39},"end":{"line":115,"column":74}},"type":"cond-expr","locations":[{"start":{"line":115,"column":63},"end":{"line":115,"column":67}},{"start":{"line":115,"column":70},"end":{"line":115,"column":74}}],"line":115},"6":{"loc":{"start":{"line":150,"column":24},"end":{"line":152,"column":84}},"type":"cond-expr","locations":[{"start":{"line":151,"column":13},"end":{"line":151,"column":83}},{"start":{"line":152,"column":13},"end":{"line":152,"column":83}}],"line":150},"7":{"loc":{"start":{"line":151,"column":13},"end":{"line":151,"column":83}},"type":"cond-expr","locations":[{"start":{"line":151,"column":31},"end":{"line":151,"column":42}},{"start":{"line":151,"column":45},"end":{"line":151,"column":83}}],"line":151},"8":{"loc":{"start":{"line":151,"column":45},"end":{"line":151,"column":83}},"type":"cond-expr","locations":[{"start":{"line":151,"column":63},"end":{"line":151,"column":74}},{"start":{"line":151,"column":77},"end":{"line":151,"column":83}}],"line":151},"9":{"loc":{"start":{"line":152,"column":13},"end":{"line":152,"column":83}},"type":"cond-expr","locations":[{"start":{"line":152,"column":31},"end":{"line":152,"column":42}},{"start":{"line":152,"column":45},"end":{"line":152,"column":83}}],"line":152},"10":{"loc":{"start":{"line":152,"column":45},"end":{"line":152,"column":83}},"type":"cond-expr","locations":[{"start":{"line":152,"column":63},"end":{"line":152,"column":74}},{"start":{"line":152,"column":77},"end":{"line":152,"column":83}}],"line":152},"11":{"loc":{"start":{"line":157,"column":54},"end":{"line":157,"column":87}},"type":"cond-expr","locations":[{"start":{"line":157,"column":71},"end":{"line":157,"column":77}},{"start":{"line":157,"column":80},"end":{"line":157,"column":87}}],"line":157},"12":{"loc":{"start":{"line":158,"column":8},"end":{"line":160,"column":9}},"type":"if","locations":[{"start":{"line":158,"column":8},"end":{"line":160,"column":9}},{"start":{},"end":{}}],"line":158},"13":{"loc":{"start":{"line":186,"column":40},"end":{"line":190,"column":75}},"type":"cond-expr","locations":[{"start":{"line":186,"column":66},"end":{"line":186,"column":70}},{"start":{"line":187,"column":39},"end":{"line":190,"column":75}}],"line":186},"14":{"loc":{"start":{"line":187,"column":39},"end":{"line":190,"column":75}},"type":"cond-expr","locations":[{"start":{"line":187,"column":63},"end":{"line":187,"column":67}},{"start":{"line":188,"column":39},"end":{"line":190,"column":75}}],"line":187},"15":{"loc":{"start":{"line":188,"column":39},"end":{"line":190,"column":75}},"type":"cond-expr","locations":[{"start":{"line":188,"column":63},"end":{"line":188,"column":67}},{"start":{"line":189,"column":39},"end":{"line":190,"column":75}}],"line":188},"16":{"loc":{"start":{"line":189,"column":39},"end":{"line":190,"column":75}},"type":"cond-expr","locations":[{"start":{"line":189,"column":67},"end":{"line":189,"column":71}},{"start":{"line":190,"column":39},"end":{"line":190,"column":75}}],"line":189},"17":{"loc":{"start":{"line":190,"column":39},"end":{"line":190,"column":75}},"type":"cond-expr","locations":[{"start":{"line":190,"column":64},"end":{"line":190,"column":68}},{"start":{"line":190,"column":71},"end":{"line":190,"column":75}}],"line":190},"18":{"loc":{"start":{"line":218,"column":40},"end":{"line":222,"column":75}},"type":"cond-expr","locations":[{"start":{"line":218,"column":66},"end":{"line":218,"column":70}},{"start":{"line":219,"column":39},"end":{"line":222,"column":75}}],"line":218},"19":{"loc":{"start":{"line":219,"column":39},"end":{"line":222,"column":75}},"type":"cond-expr","locations":[{"start":{"line":219,"column":63},"end":{"line":219,"column":67}},{"start":{"line":220,"column":39},"end":{"line":222,"column":75}}],"line":219},"20":{"loc":{"start":{"line":220,"column":39},"end":{"line":222,"column":75}},"type":"cond-expr","locations":[{"start":{"line":220,"column":63},"end":{"line":220,"column":67}},{"start":{"line":221,"column":39},"end":{"line":222,"column":75}}],"line":220},"21":{"loc":{"start":{"line":221,"column":39},"end":{"line":222,"column":75}},"type":"cond-expr","locations":[{"start":{"line":221,"column":67},"end":{"line":221,"column":71}},{"start":{"line":222,"column":39},"end":{"line":222,"column":75}}],"line":221},"22":{"loc":{"start":{"line":222,"column":39},"end":{"line":222,"column":75}},"type":"cond-expr","locations":[{"start":{"line":222,"column":64},"end":{"line":222,"column":68}},{"start":{"line":222,"column":71},"end":{"line":222,"column":75}}],"line":222},"23":{"loc":{"start":{"line":273,"column":8},"end":{"line":289,"column":9}},"type":"if","locations":[{"start":{"line":273,"column":8},"end":{"line":289,"column":9}},{"start":{"line":281,"column":15},"end":{"line":289,"column":9}}],"line":273},"24":{"loc":{"start":{"line":306,"column":40},"end":{"line":310,"column":74}},"type":"cond-expr","locations":[{"start":{"line":306,"column":65},"end":{"line":306,"column":69}},{"start":{"line":307,"column":39},"end":{"line":310,"column":74}}],"line":306},"25":{"loc":{"start":{"line":307,"column":39},"end":{"line":310,"column":74}},"type":"cond-expr","locations":[{"start":{"line":307,"column":62},"end":{"line":307,"column":66}},{"start":{"line":308,"column":39},"end":{"line":310,"column":74}}],"line":307},"26":{"loc":{"start":{"line":308,"column":39},"end":{"line":310,"column":74}},"type":"cond-expr","locations":[{"start":{"line":308,"column":62},"end":{"line":308,"column":66}},{"start":{"line":309,"column":39},"end":{"line":310,"column":74}}],"line":308},"27":{"loc":{"start":{"line":309,"column":39},"end":{"line":310,"column":74}},"type":"cond-expr","locations":[{"start":{"line":309,"column":66},"end":{"line":309,"column":70}},{"start":{"line":310,"column":39},"end":{"line":310,"column":74}}],"line":309},"28":{"loc":{"start":{"line":310,"column":39},"end":{"line":310,"column":74}},"type":"cond-expr","locations":[{"start":{"line":310,"column":63},"end":{"line":310,"column":67}},{"start":{"line":310,"column":70},"end":{"line":310,"column":74}}],"line":310},"29":{"loc":{"start":{"line":373,"column":40},"end":{"line":377,"column":74}},"type":"cond-expr","locations":[{"start":{"line":373,"column":65},"end":{"line":373,"column":69}},{"start":{"line":374,"column":39},"end":{"line":377,"column":74}}],"line":373},"30":{"loc":{"start":{"line":374,"column":39},"end":{"line":377,"column":74}},"type":"cond-expr","locations":[{"start":{"line":374,"column":62},"end":{"line":374,"column":66}},{"start":{"line":375,"column":39},"end":{"line":377,"column":74}}],"line":374},"31":{"loc":{"start":{"line":375,"column":39},"end":{"line":377,"column":74}},"type":"cond-expr","locations":[{"start":{"line":375,"column":62},"end":{"line":375,"column":66}},{"start":{"line":376,"column":39},"end":{"line":377,"column":74}}],"line":375},"32":{"loc":{"start":{"line":376,"column":39},"end":{"line":377,"column":74}},"type":"cond-expr","locations":[{"start":{"line":376,"column":66},"end":{"line":376,"column":70}},{"start":{"line":377,"column":39},"end":{"line":377,"column":74}}],"line":376},"33":{"loc":{"start":{"line":377,"column":39},"end":{"line":377,"column":74}},"type":"cond-expr","locations":[{"start":{"line":377,"column":63},"end":{"line":377,"column":67}},{"start":{"line":377,"column":70},"end":{"line":377,"column":74}}],"line":377},"34":{"loc":{"start":{"line":437,"column":12},"end":{"line":440,"column":13}},"type":"if","locations":[{"start":{"line":437,"column":12},"end":{"line":440,"column":13}},{"start":{},"end":{}}],"line":437},"35":{"loc":{"start":{"line":443,"column":12},"end":{"line":445,"column":13}},"type":"if","locations":[{"start":{"line":443,"column":12},"end":{"line":445,"column":13}},{"start":{},"end":{}}],"line":443},"36":{"loc":{"start":{"line":443,"column":16},"end":{"line":443,"column":67}},"type":"binary-expr","locations":[{"start":{"line":443,"column":16},"end":{"line":443,"column":47}},{"start":{"line":443,"column":51},"end":{"line":443,"column":67}}],"line":443},"37":{"loc":{"start":{"line":470,"column":8},"end":{"line":485,"column":9}},"type":"if","locations":[{"start":{"line":470,"column":8},"end":{"line":485,"column":9}},{"start":{"line":481,"column":15},"end":{"line":485,"column":9}}],"line":470},"38":{"loc":{"start":{"line":477,"column":12},"end":{"line":480,"column":13}},"type":"if","locations":[{"start":{"line":477,"column":12},"end":{"line":480,"column":13}},{"start":{},"end":{}}],"line":477}},"s":{"0":0,"1":0,"2":0,"3":0,"4":0,"5":0,"6":0,"7":0,"8":0,"9":0,"10":0,"11":0,"12":0,"13":0,"14":0,"15":0,"16":0,"17":0,"18":0,"19":0,"20":0,"21":0,"22":0,"23":0,"24":0,"25":0,"26":0,"27":0,"28":0,"29":0,"30":0,"31":0,"32":0,"33":0,"34":0,"35":0,"36":0,"37":0,"38":0,"39":0,"40":0,"41":0,"42":0,"43":0,"44":0,"45":0,"46":0,"47":0,"48":0,"49":0,"50":0,"51":0,"52":0,"53":0,"54":0,"55":0,"56":0,"57":0,"58":0,"59":0,"60":0,"61":0,"62":0,"63":0,"64":0,"65":0,"66":0,"67":0,"68":0,"69":0,"70":0,"71":0,"72":0,"73":0,"74":0,"75":0,"76":0,"77":0,"78":0,"79":0,"80":0,"81":0,"82":0,"83":0,"84":0,"85":0,"86":0,"87":0,"88":0,"89":0,"90":0,"91":0,"92":0,"93":0,"94":0,"95":0,"96":0,"97":0,"98":0,"99":0,"100":0,"101":0,"102":0,"103":0,"104":0,"105":0,"106":0,"107":0,"108":0,"109":0,"110":0,"111":0,"112":0,"113":0,"114":0,"115":0,"116":0,"117":0,"118":0,"119":0,"120":0,"121":0,"122":0,"123":0,"124":0,"125":0,"126":0,"127":0,"128":0,"129":0,"130":0,"131":0,"132":0,"133":0,"134":0,"135":0,"136":0,"137":0,"138":0,"139":0,"140":0,"141":0,"142":0,"143":0,"144":0,"145":0,"146":0,"147":0,"148":0,"149":0,"150":0,"151":0,"152":0,"153":0,"154":0,"155":0,"156":0,"157":0,"158":0,"159":0,"160":0,"161":0,"162":0,"163":0,"164":0,"165":0,"166":0,"167":0,"168":0,"169":0,"170":0,"171":0,"172":0,"173":0,"174":0,"175":0,"176":0,"177":0,"178":0,"179":0,"180":0,"181":0,"182":0,"183":0,"184":0,"185":0,"186":0,"187":0,"188":0,"189":0,"190":0,"191":0,"192":0,"193":0,"194":0,"195":0,"196":0,"197":0,"198":0,"199":0,"200":0,"201":0,"202":0,"203":0,"204":0,"205":0,"206":0,"207":0,"208":0,"209":0,"210":0,"211":0,"212":0,"213":0,"214":0,"215":0,"216":0,"217":0,"218":0,"219":0,"220":0,"221":0,"222":0,"223":0,"224":0,"225":0,"226":0,"227":0,"228":0,"229":0,"230":0,"231":0,"232":0,"233":0,"234":0,"235":0,"236":0,"237":0,"238":0,"239":0,"240":0,"241":0,"242":0,"243":0,"244":0,"245":0,"246":0,"247":0,"248":0,"249":0,"250":0,"251":0,"252":0,"253":0,"254":0,"255":0,"256":0,"257":0,"258":0,"259":0,"260":0,"261":0,"262":0,"263":0,"264":0,"265":0,"266":0,"267":0,"268":0,"269":0,"270":0,"271":0,"272":0,"273":0,"274":0,"275":0,"276":0,"277":0,"278":0,"279":0,"280":0,"281":0,"282":0,"283":0,"284":0,"285":0,"286":0,"287":0,"288":0,"289":0,"290":0,"291":0,"292":0,"293":0,"294":0,"295":0,"296":0,"297":0,"298":0,"299":0,"300":0,"301":0,"302":0,"303":0,"304":0,"305":0,"306":0,"307":0,"308":0,"309":0,"310":0,"311":0,"312":0,"313":0,"314":0,"315":0,"316":0,"317":0,"318":0,"319":0,"320":0},"f":{"0":0,"1":0,"2":0,"3":0,"4":0,"5":0,"6":0,"7":0,"8":0,"9":0,"10":0,"11":0,"12":0,"13":0},"b":{"0":[0,0,0,0],"1":[0,0],"2":[0,0],"3":[0,0],"4":[0,0],"5":[0,0],"6":[0,0],"7":[0,0],"8":[0,0],"9":[0,0],"10":[0,0],"11":[0,0],"12":[0,0],"13":[0,0],"14":[0,0],"15":[0,0],"16":[0,0],"17":[0,0],"18":[0,0],"19":[0,0],"20":[0,0],"21":[0,0],"22":[0,0],"23":[0,0],"24":[0,0],"25":[0,0],"26":[0,0],"27":[0,0],"28":[0,0],"29":[0,0],"30":[0,0],"31":[0,0],"32":[0,0],"33":[0,0],"34":[0,0],"35":[0,0],"36":[0,0],"37":[0,0],"38":[0,0]}}
,"F:\\Coding Projects\\Game Collection\\Game-Collection\\games\\math-monster-munch\\script.js": {"path":"F:\\Coding Projects\\Game Collection\\Game-Collection\\games\\math-monster-munch\\script.js","statementMap":{"0":{"start":{"line":1,"column":0},"end":{"line":575,"column":3}},"1":{"start":{"line":3,"column":21},"end":{"line":3,"column":57}},"2":{"start":{"line":4,"column":20},"end":{"line":4,"column":55}},"3":{"start":{"line":5,"column":27},"end":{"line":5,"column":63}},"4":{"start":{"line":6,"column":32},"end":{"line":6,"column":73}},"5":{"start":{"line":7,"column":27},"end":{"line":7,"column":70}},"6":{"start":{"line":8,"column":29},"end":{"line":8,"column":74}},"7":{"start":{"line":9,"column":26},"end":{"line":9,"column":68}},"8":{"start":{"line":10,"column":27},"end":{"line":10,"column":70}},"9":{"start":{"line":11,"column":27},"end":{"line":11,"column":70}},"10":{"start":{"line":12,"column":28},"end":{"line":12,"column":67}},"11":{"start":{"line":13,"column":24},"end":{"line":13,"column":60}},"12":{"start":{"line":14,"column":22},"end":{"line":14,"column":55}},"13":{"start":{"line":15,"column":26},"end":{"line":15,"column":67}},"14":{"start":{"line":16,"column":25},"end":{"line":16,"column":57}},"15":{"start":{"line":17,"column":25},"end":{"line":17,"column":57}},"16":{"start":{"line":18,"column":25},"end":{"line":18,"column":79}},"17":{"start":{"line":21,"column":16},"end":{"line":21,"column":17}},"18":{"start":{"line":22,"column":16},"end":{"line":22,"column":17}},"19":{"start":{"line":23,"column":16},"end":{"line":23,"column":17}},"20":{"start":{"line":24,"column":22},"end":{"line":24,"column":24}},"21":{"start":{"line":25,"column":26},"end":{"line":25,"column":28}},"22":{"start":{"line":26,"column":24},"end":{"line":26,"column":28}},"23":{"start":{"line":27,"column":23},"end":{"line":27,"column":31}},"24":{"start":{"line":28,"column":29},"end":{"line":28,"column":30}},"25":{"start":{"line":29,"column":31},"end":{"line":29,"column":32}},"26":{"start":{"line":32,"column":22},"end":{"line":38,"column":5}},"27":{"start":{"line":41,"column":26},"end":{"line":48,"column":5}},"28":{"start":{"line":51,"column":23},"end":{"line":51,"column":59}},"29":{"start":{"line":55,"column":8},"end":{"line":55,"column":26}},"30":{"start":{"line":56,"column":8},"end":{"line":56,"column":37}},"31":{"start":{"line":57,"column":8},"end":{"line":57,"column":30}},"32":{"start":{"line":62,"column":28},"end":{"line":62,"column":74}},"33":{"start":{"line":63,"column":8},"end":{"line":70,"column":9}},"34":{"start":{"line":64,"column":12},"end":{"line":69,"column":13}},"35":{"start":{"line":65,"column":31},"end":{"line":65,"column":54}},"36":{"start":{"line":66,"column":16},"end":{"line":66,"column":60}},"37":{"start":{"line":68,"column":16},"end":{"line":68,"column":76}},"38":{"start":{"line":71,"column":8},"end":{"line":71,"column":34}},"39":{"start":{"line":76,"column":8},"end":{"line":76,"column":84}},"40":{"start":{"line":81,"column":8},"end":{"line":86,"column":9}},"41":{"start":{"line":81,"column":21},"end":{"line":81,"column":22}},"42":{"start":{"line":82,"column":26},"end":{"line":82,"column":67}},"43":{"start":{"line":83,"column":12},"end":{"line":85,"column":13}},"44":{"start":{"line":84,"column":16},"end":{"line":84,"column":55}},"45":{"start":{"line":91,"column":24},"end":{"line":91,"column":70}},"46":{"start":{"line":92,"column":8},"end":{"line":95,"column":11}},"47":{"start":{"line":93,"column":29},"end":{"line":93,"column":38}},"48":{"start":{"line":94,"column":12},"end":{"line":94,"column":96}},"49":{"start":{"line":100,"column":8},"end":{"line":100,"column":54}},"50":{"start":{"line":101,"column":8},"end":{"line":101,"column":60}},"51":{"start":{"line":102,"column":8},"end":{"line":102,"column":66}},"52":{"start":{"line":103,"column":8},"end":{"line":103,"column":75}},"53":{"start":{"line":104,"column":8},"end":{"line":104,"column":67}},"54":{"start":{"line":105,"column":8},"end":{"line":105,"column":67}},"55":{"start":{"line":108,"column":8},"end":{"line":112,"column":11}},"56":{"start":{"line":109,"column":12},"end":{"line":111,"column":13}},"57":{"start":{"line":110,"column":16},"end":{"line":110,"column":35}},"58":{"start":{"line":117,"column":8},"end":{"line":117,"column":52}},"59":{"start":{"line":122,"column":8},"end":{"line":122,"column":49}},"60":{"start":{"line":127,"column":8},"end":{"line":136,"column":9}},"61":{"start":{"line":127,"column":21},"end":{"line":127,"column":22}},"62":{"start":{"line":128,"column":26},"end":{"line":128,"column":67}},"63":{"start":{"line":129,"column":12},"end":{"line":135,"column":13}},"64":{"start":{"line":130,"column":30},"end":{"line":130,"column":51}},"65":{"start":{"line":131,"column":16},"end":{"line":134,"column":17}},"66":{"start":{"line":132,"column":20},"end":{"line":132,"column":53}},"67":{"start":{"line":133,"column":20},"end":{"line":133,"column":79}},"68":{"start":{"line":137,"column":8},"end":{"line":137,"column":26}},"69":{"start":{"line":138,"column":8},"end":{"line":138,"column":37}},"70":{"start":{"line":139,"column":8},"end":{"line":139,"column":27}},"71":{"start":{"line":142,"column":8},"end":{"line":142,"column":56}},"72":{"start":{"line":147,"column":8},"end":{"line":153,"column":10}},"73":{"start":{"line":154,"column":8},"end":{"line":154,"column":34}},"74":{"start":{"line":155,"column":8},"end":{"line":155,"column":26}},"75":{"start":{"line":156,"column":8},"end":{"line":156,"column":37}},"76":{"start":{"line":159,"column":8},"end":{"line":159,"column":67}},"77":{"start":{"line":164,"column":27},"end":{"line":164,"column":56}},"78":{"start":{"line":165,"column":8},"end":{"line":165,"column":49}},"79":{"start":{"line":166,"column":8},"end":{"line":166,"column":38}},"80":{"start":{"line":167,"column":8},"end":{"line":178,"column":10}},"81":{"start":{"line":180,"column":8},"end":{"line":180,"column":46}},"82":{"start":{"line":181,"column":8},"end":{"line":183,"column":17}},"83":{"start":{"line":182,"column":12},"end":{"line":182,"column":50}},"84":{"start":{"line":188,"column":8},"end":{"line":188,"column":43}},"85":{"start":{"line":189,"column":8},"end":{"line":189,"column":52}},"86":{"start":{"line":190,"column":8},"end":{"line":190,"column":18}},"87":{"start":{"line":191,"column":8},"end":{"line":191,"column":18}},"88":{"start":{"line":192,"column":8},"end":{"line":192,"column":31}},"89":{"start":{"line":193,"column":8},"end":{"line":193,"column":33}},"90":{"start":{"line":195,"column":8},"end":{"line":195,"column":22}},"91":{"start":{"line":196,"column":8},"end":{"line":196,"column":22}},"92":{"start":{"line":199,"column":30},"end":{"line":199,"column":66}},"93":{"start":{"line":200,"column":8},"end":{"line":200,"column":49}},"94":{"start":{"line":201,"column":8},"end":{"line":201,"column":52}},"95":{"start":{"line":203,"column":8},"end":{"line":203,"column":48}},"96":{"start":{"line":204,"column":8},"end":{"line":204,"column":42}},"97":{"start":{"line":205,"column":8},"end":{"line":205,"column":47}},"98":{"start":{"line":207,"column":8},"end":{"line":207,"column":27}},"99":{"start":{"line":212,"column":8},"end":{"line":212,"column":35}},"100":{"start":{"line":213,"column":8},"end":{"line":213,"column":32}},"101":{"start":{"line":216,"column":8},"end":{"line":216,"column":42}},"102":{"start":{"line":219,"column":29},"end":{"line":219,"column":92}},"103":{"start":{"line":222,"column":26},"end":{"line":222,"column":83}},"104":{"start":{"line":224,"column":8},"end":{"line":239,"column":9}},"105":{"start":{"line":226,"column":16},"end":{"line":226,"column":66}},"106":{"start":{"line":227,"column":16},"end":{"line":227,"column":22}},"107":{"start":{"line":229,"column":16},"end":{"line":229,"column":69}},"108":{"start":{"line":230,"column":16},"end":{"line":230,"column":22}},"109":{"start":{"line":233,"column":16},"end":{"line":237,"column":17}},"110":{"start":{"line":234,"column":20},"end":{"line":234,"column":70}},"111":{"start":{"line":236,"column":20},"end":{"line":236,"column":73}},"112":{"start":{"line":238,"column":16},"end":{"line":238,"column":22}},"113":{"start":{"line":244,"column":23},"end":{"line":244,"column":51}},"114":{"start":{"line":245,"column":21},"end":{"line":245,"column":59}},"115":{"start":{"line":246,"column":21},"end":{"line":246,"column":59}},"116":{"start":{"line":247,"column":8},"end":{"line":247,"column":36}},"117":{"start":{"line":250,"column":28},"end":{"line":250,"column":57}},"118":{"start":{"line":251,"column":8},"end":{"line":251,"column":46}},"119":{"start":{"line":252,"column":8},"end":{"line":252,"column":58}},"120":{"start":{"line":253,"column":8},"end":{"line":253,"column":45}},"121":{"start":{"line":256,"column":8},"end":{"line":256,"column":36}},"122":{"start":{"line":259,"column":8},"end":{"line":259,"column":70}},"123":{"start":{"line":264,"column":23},"end":{"line":264,"column":51}},"124":{"start":{"line":265,"column":19},"end":{"line":265,"column":57}},"125":{"start":{"line":266,"column":19},"end":{"line":266,"column":55}},"126":{"start":{"line":269,"column":8},"end":{"line":271,"column":9}},"127":{"start":{"line":270,"column":12},"end":{"line":270,"column":40}},"128":{"start":{"line":273,"column":8},"end":{"line":273,"column":36}},"129":{"start":{"line":276,"column":28},"end":{"line":276,"column":57}},"130":{"start":{"line":277,"column":8},"end":{"line":277,"column":46}},"131":{"start":{"line":278,"column":8},"end":{"line":278,"column":58}},"132":{"start":{"line":279,"column":8},"end":{"line":279,"column":45}},"133":{"start":{"line":282,"column":8},"end":{"line":282,"column":36}},"134":{"start":{"line":285,"column":8},"end":{"line":285,"column":62}},"135":{"start":{"line":290,"column":33},"end":{"line":290,"column":62}},"136":{"start":{"line":291,"column":8},"end":{"line":291,"column":60}},"137":{"start":{"line":293,"column":24},"end":{"line":293,"column":53}},"138":{"start":{"line":294,"column":8},"end":{"line":294,"column":50}},"139":{"start":{"line":296,"column":28},"end":{"line":296,"column":57}},"140":{"start":{"line":297,"column":8},"end":{"line":297,"column":50}},"141":{"start":{"line":298,"column":8},"end":{"line":298,"column":50}},"142":{"start":{"line":300,"column":28},"end":{"line":300,"column":57}},"143":{"start":{"line":301,"column":8},"end":{"line":301,"column":50}},"144":{"start":{"line":304,"column":8},"end":{"line":313,"column":9}},"145":{"start":{"line":304,"column":21},"end":{"line":304,"column":22}},"146":{"start":{"line":305,"column":24},"end":{"line":305,"column":53}},"147":{"start":{"line":306,"column":12},"end":{"line":306,"column":45}},"148":{"start":{"line":308,"column":26},"end":{"line":308,"column":55}},"149":{"start":{"line":309,"column":12},"end":{"line":309,"column":49}},"150":{"start":{"line":311,"column":12},"end":{"line":311,"column":35}},"151":{"start":{"line":312,"column":12},"end":{"line":312,"column":41}},"152":{"start":{"line":315,"column":29},"end":{"line":315,"column":58}},"153":{"start":{"line":316,"column":8},"end":{"line":316,"column":52}},"154":{"start":{"line":318,"column":8},"end":{"line":318,"column":45}},"155":{"start":{"line":319,"column":8},"end":{"line":319,"column":46}},"156":{"start":{"line":320,"column":8},"end":{"line":320,"column":41}},"157":{"start":{"line":321,"column":8},"end":{"line":321,"column":46}},"158":{"start":{"line":323,"column":8},"end":{"line":323,"column":50}},"159":{"start":{"line":328,"column":32},"end":{"line":328,"column":61}},"160":{"start":{"line":329,"column":8},"end":{"line":329,"column":56}},"161":{"start":{"line":332,"column":22},"end":{"line":332,"column":37}},"162":{"start":{"line":335,"column":8},"end":{"line":351,"column":9}},"163":{"start":{"line":337,"column":24},"end":{"line":337,"column":65}},"164":{"start":{"line":338,"column":22},"end":{"line":338,"column":56}},"165":{"start":{"line":339,"column":22},"end":{"line":339,"column":63}},"166":{"start":{"line":342,"column":12},"end":{"line":345,"column":13}},"167":{"start":{"line":343,"column":16},"end":{"line":343,"column":24}},"168":{"start":{"line":344,"column":16},"end":{"line":344,"column":45}},"169":{"start":{"line":347,"column":33},"end":{"line":347,"column":82}},"170":{"start":{"line":348,"column":12},"end":{"line":350,"column":13}},"171":{"start":{"line":349,"column":16},"end":{"line":349,"column":43}},"172":{"start":{"line":354,"column":8},"end":{"line":354,"column":40}},"173":{"start":{"line":357,"column":8},"end":{"line":392,"column":11}},"174":{"start":{"line":358,"column":27},"end":{"line":358,"column":59}},"175":{"start":{"line":359,"column":12},"end":{"line":359,"column":47}},"176":{"start":{"line":362,"column":29},"end":{"line":362,"column":31}},"177":{"start":{"line":363,"column":12},"end":{"line":386,"column":13}},"178":{"start":{"line":364,"column":16},"end":{"line":364,"column":62}},"179":{"start":{"line":366,"column":33},"end":{"line":366,"column":56}},"180":{"start":{"line":367,"column":34},"end":{"line":367,"column":45}},"181":{"start":{"line":370,"column":16},"end":{"line":376,"column":17}},"182":{"start":{"line":370,"column":31},"end":{"line":370,"column":32}},"183":{"start":{"line":371,"column":20},"end":{"line":371,"column":60}},"184":{"start":{"line":372,"column":20},"end":{"line":374,"column":21}},"185":{"start":{"line":372,"column":33},"end":{"line":372,"column":34}},"186":{"start":{"line":373,"column":24},"end":{"line":373,"column":48}},"187":{"start":{"line":375,"column":20},"end":{"line":375,"column":43}},"188":{"start":{"line":379,"column":16},"end":{"line":385,"column":17}},"189":{"start":{"line":380,"column":20},"end":{"line":380,"column":60}},"190":{"start":{"line":381,"column":20},"end":{"line":383,"column":21}},"191":{"start":{"line":381,"column":33},"end":{"line":381,"column":34}},"192":{"start":{"line":382,"column":24},"end":{"line":382,"column":48}},"193":{"start":{"line":384,"column":20},"end":{"line":384,"column":43}},"194":{"start":{"line":388,"column":12},"end":{"line":388,"column":42}},"195":{"start":{"line":389,"column":12},"end":{"line":389,"column":43}},"196":{"start":{"line":390,"column":12},"end":{"line":390,"column":58}},"197":{"start":{"line":391,"column":12},"end":{"line":391,"column":48}},"198":{"start":{"line":394,"column":8},"end":{"line":394,"column":49}},"199":{"start":{"line":400,"column":23},"end":{"line":400,"column":58}},"200":{"start":{"line":401,"column":31},"end":{"line":401,"column":62}},"201":{"start":{"line":402,"column":26},"end":{"line":402,"column":58}},"202":{"start":{"line":405,"column":24},"end":{"line":405,"column":58}},"203":{"start":{"line":408,"column":8},"end":{"line":408,"column":38}},"204":{"start":{"line":411,"column":30},"end":{"line":411,"column":66}},"205":{"start":{"line":413,"column":8},"end":{"line":417,"column":9}},"206":{"start":{"line":414,"column":12},"end":{"line":414,"column":47}},"207":{"start":{"line":416,"column":12},"end":{"line":416,"column":49}},"208":{"start":{"line":420,"column":8},"end":{"line":420,"column":45}},"209":{"start":{"line":425,"column":24},"end":{"line":425,"column":58}},"210":{"start":{"line":428,"column":8},"end":{"line":428,"column":40}},"211":{"start":{"line":429,"column":8},"end":{"line":429,"column":31}},"212":{"start":{"line":432,"column":8},"end":{"line":432,"column":29}},"213":{"start":{"line":433,"column":8},"end":{"line":433,"column":33}},"214":{"start":{"line":436,"column":8},"end":{"line":436,"column":49}},"215":{"start":{"line":437,"column":8},"end":{"line":437,"column":52}},"216":{"start":{"line":438,"column":8},"end":{"line":438,"column":28}},"217":{"start":{"line":440,"column":22},"end":{"line":440,"column":74}},"218":{"start":{"line":443,"column":8},"end":{"line":454,"column":9}},"219":{"start":{"line":444,"column":12},"end":{"line":450,"column":13}},"220":{"start":{"line":445,"column":16},"end":{"line":445,"column":24}},"221":{"start":{"line":446,"column":16},"end":{"line":446,"column":39}},"222":{"start":{"line":447,"column":16},"end":{"line":447,"column":93}},"223":{"start":{"line":449,"column":16},"end":{"line":449,"column":80}},"224":{"start":{"line":452,"column":30},"end":{"line":452,"column":52}},"225":{"start":{"line":453,"column":12},"end":{"line":453,"column":90}},"226":{"start":{"line":456,"column":8},"end":{"line":456,"column":44}},"227":{"start":{"line":457,"column":8},"end":{"line":457,"column":22}},"228":{"start":{"line":462,"column":24},"end":{"line":462,"column":58}},"229":{"start":{"line":465,"column":8},"end":{"line":465,"column":39}},"230":{"start":{"line":466,"column":8},"end":{"line":466,"column":32}},"231":{"start":{"line":469,"column":8},"end":{"line":469,"column":31}},"232":{"start":{"line":470,"column":8},"end":{"line":470,"column":31}},"233":{"start":{"line":473,"column":8},"end":{"line":473,"column":44}},"234":{"start":{"line":474,"column":8},"end":{"line":474,"column":49}},"235":{"start":{"line":475,"column":8},"end":{"line":475,"column":16}},"236":{"start":{"line":476,"column":8},"end":{"line":476,"column":22}},"237":{"start":{"line":478,"column":22},"end":{"line":478,"column":82}},"238":{"start":{"line":481,"column":8},"end":{"line":489,"column":9}},"239":{"start":{"line":482,"column":12},"end":{"line":488,"column":13}},"240":{"start":{"line":483,"column":16},"end":{"line":483,"column":24}},"241":{"start":{"line":484,"column":16},"end":{"line":484,"column":41}},"242":{"start":{"line":485,"column":16},"end":{"line":485,"column":98}},"243":{"start":{"line":487,"column":16},"end":{"line":487,"column":58}},"244":{"start":{"line":491,"column":8},"end":{"line":491,"column":44}},"245":{"start":{"line":494,"column":8},"end":{"line":501,"column":9}},"246":{"start":{"line":495,"column":12},"end":{"line":495,"column":75}},"247":{"start":{"line":497,"column":12},"end":{"line":499,"column":21}},"248":{"start":{"line":498,"column":16},"end":{"line":498,"column":28}},"249":{"start":{"line":500,"column":12},"end":{"line":500,"column":19}},"250":{"start":{"line":503,"column":8},"end":{"line":503,"column":22}},"251":{"start":{"line":508,"column":8},"end":{"line":508,"column":53}},"252":{"start":{"line":509,"column":8},"end":{"line":509,"column":93}},"253":{"start":{"line":514,"column":25},"end":{"line":514,"column":27}},"254":{"start":{"line":515,"column":8},"end":{"line":517,"column":9}},"255":{"start":{"line":515,"column":21},"end":{"line":515,"column":22}},"256":{"start":{"line":516,"column":12},"end":{"line":516,"column":31}},"257":{"start":{"line":518,"column":8},"end":{"line":518,"column":46}},"258":{"start":{"line":523,"column":8},"end":{"line":526,"column":9}},"259":{"start":{"line":523,"column":21},"end":{"line":523,"column":37}},"260":{"start":{"line":524,"column":22},"end":{"line":524,"column":57}},"261":{"start":{"line":525,"column":12},"end":{"line":525,"column":56}},"262":{"start":{"line":527,"column":8},"end":{"line":527,"column":21}},"263":{"start":{"line":532,"column":26},"end":{"line":532,"column":62}},"264":{"start":{"line":533,"column":26},"end":{"line":533,"column":28}},"265":{"start":{"line":535,"column":8},"end":{"line":556,"column":9}},"266":{"start":{"line":535,"column":21},"end":{"line":535,"column":22}},"267":{"start":{"line":536,"column":12},"end":{"line":555,"column":24}},"268":{"start":{"line":537,"column":29},"end":{"line":537,"column":58}},"269":{"start":{"line":538,"column":16},"end":{"line":538,"column":48}},"270":{"start":{"line":539,"column":16},"end":{"line":539,"column":93}},"271":{"start":{"line":540,"column":16},"end":{"line":540,"column":60}},"272":{"start":{"line":541,"column":16},"end":{"line":541,"column":75}},"273":{"start":{"line":542,"column":16},"end":{"line":542,"column":43}},"274":{"start":{"line":543,"column":16},"end":{"line":543,"column":49}},"275":{"start":{"line":544,"column":16},"end":{"line":544,"column":41}},"276":{"start":{"line":545,"column":16},"end":{"line":545,"column":45}},"277":{"start":{"line":546,"column":16},"end":{"line":546,"column":41}},"278":{"start":{"line":547,"column":16},"end":{"line":547,"column":62}},"279":{"start":{"line":548,"column":16},"end":{"line":548,"column":75}},"280":{"start":{"line":549,"column":16},"end":{"line":549,"column":44}},"281":{"start":{"line":552,"column":16},"end":{"line":554,"column":75}},"282":{"start":{"line":553,"column":20},"end":{"line":553,"column":48}},"283":{"start":{"line":560,"column":18},"end":{"line":560,"column":49}},"284":{"start":{"line":561,"column":4},"end":{"line":566,"column":6}},"285":{"start":{"line":567,"column":4},"end":{"line":567,"column":37}},"286":{"start":{"line":570,"column":4},"end":{"line":570,"column":11}},"287":{"start":{"line":573,"column":4},"end":{"line":573,"column":40}},"288":{"start":{"line":574,"column":4},"end":{"line":574,"column":42}}},"fnMap":{"0":{"name":"(anonymous_0)","decl":{"start":{"line":1,"column":46},"end":{"line":1,"column":47}},"loc":{"start":{"line":1,"column":52},"end":{"line":575,"column":1}},"line":1},"1":{"name":"init","decl":{"start":{"line":54,"column":13},"end":{"line":54,"column":17}},"loc":{"start":{"line":54,"column":20},"end":{"line":58,"column":5}},"line":54},"2":{"name":"loadLevelConfig","decl":{"start":{"line":61,"column":13},"end":{"line":61,"column":28}},"loc":{"start":{"line":61,"column":31},"end":{"line":72,"column":5}},"line":61},"3":{"name":"saveLevelConfig","decl":{"start":{"line":75,"column":13},"end":{"line":75,"column":28}},"loc":{"start":{"line":75,"column":31},"end":{"line":77,"column":5}},"line":75},"4":{"name":"updateLevelConfigInputs","decl":{"start":{"line":80,"column":13},"end":{"line":80,"column":36}},"loc":{"start":{"line":80,"column":39},"end":{"line":87,"column":5}},"line":80},"5":{"name":"updateStartingLevelOptions","decl":{"start":{"line":90,"column":13},"end":{"line":90,"column":39}},"loc":{"start":{"line":90,"column":42},"end":{"line":96,"column":5}},"line":90},"6":{"name":"(anonymous_6)","decl":{"start":{"line":92,"column":24},"end":{"line":92,"column":25}},"loc":{"start":{"line":92,"column":43},"end":{"line":95,"column":9}},"line":92},"7":{"name":"setupEventListeners","decl":{"start":{"line":99,"column":13},"end":{"line":99,"column":32}},"loc":{"start":{"line":99,"column":35},"end":{"line":113,"column":5}},"line":99},"8":{"name":"(anonymous_8)","decl":{"start":{"line":108,"column":51},"end":{"line":108,"column":52}},"loc":{"start":{"line":108,"column":58},"end":{"line":112,"column":9}},"line":108},"9":{"name":"openLevelConfig","decl":{"start":{"line":116,"column":13},"end":{"line":116,"column":28}},"loc":{"start":{"line":116,"column":31},"end":{"line":118,"column":5}},"line":116},"10":{"name":"closeLevelConfig","decl":{"start":{"line":121,"column":13},"end":{"line":121,"column":29}},"loc":{"start":{"line":121,"column":32},"end":{"line":123,"column":5}},"line":121},"11":{"name":"saveLevelConfigFromInputs","decl":{"start":{"line":126,"column":13},"end":{"line":126,"column":38}},"loc":{"start":{"line":126,"column":41},"end":{"line":143,"column":5}},"line":126},"12":{"name":"resetLevelConfig","decl":{"start":{"line":146,"column":13},"end":{"line":146,"column":29}},"loc":{"start":{"line":146,"column":32},"end":{"line":160,"column":5}},"line":146},"13":{"name":"showMessage","decl":{"start":{"line":163,"column":13},"end":{"line":163,"column":24}},"loc":{"start":{"line":163,"column":46},"end":{"line":184,"column":5}},"line":163},"14":{"name":"(anonymous_14)","decl":{"start":{"line":181,"column":19},"end":{"line":181,"column":20}},"loc":{"start":{"line":181,"column":25},"end":{"line":183,"column":9}},"line":181},"15":{"name":"startGame","decl":{"start":{"line":187,"column":13},"end":{"line":187,"column":22}},"loc":{"start":{"line":187,"column":25},"end":{"line":208,"column":5}},"line":187},"16":{"name":"generateQuestion","decl":{"start":{"line":211,"column":13},"end":{"line":211,"column":29}},"loc":{"start":{"line":211,"column":32},"end":{"line":240,"column":5}},"line":211},"17":{"name":"generateAdditionQuestion","decl":{"start":{"line":243,"column":13},"end":{"line":243,"column":37}},"loc":{"start":{"line":243,"column":63},"end":{"line":260,"column":5}},"line":243},"18":{"name":"generateSubtractionQuestion","decl":{"start":{"line":263,"column":13},"end":{"line":263,"column":40}},"loc":{"start":{"line":263,"column":66},"end":{"line":286,"column":5}},"line":263},"19":{"name":"createMonster","decl":{"start":{"line":289,"column":13},"end":{"line":289,"column":26}},"loc":{"start":{"line":289,"column":34},"end":{"line":324,"column":5}},"line":289},"20":{"name":"createAnswerOptions","decl":{"start":{"line":327,"column":13},"end":{"line":327,"column":32}},"loc":{"start":{"line":327,"column":69},"end":{"line":395,"column":5}},"line":327},"21":{"name":"(anonymous_21)","decl":{"start":{"line":357,"column":24},"end":{"line":357,"column":25}},"loc":{"start":{"line":357,"column":34},"end":{"line":392,"column":9}},"line":357},"22":{"name":"checkAnswer","decl":{"start":{"line":398,"column":13},"end":{"line":398,"column":24}},"loc":{"start":{"line":398,"column":32},"end":{"line":421,"column":5}},"line":398},"23":{"name":"handleCorrectAnswer","decl":{"start":{"line":424,"column":13},"end":{"line":424,"column":32}},"loc":{"start":{"line":424,"column":48},"end":{"line":458,"column":5}},"line":424},"24":{"name":"handleIncorrectAnswer","decl":{"start":{"line":461,"column":13},"end":{"line":461,"column":34}},"loc":{"start":{"line":461,"column":50},"end":{"line":504,"column":5}},"line":461},"25":{"name":"(anonymous_25)","decl":{"start":{"line":497,"column":23},"end":{"line":497,"column":24}},"loc":{"start":{"line":497,"column":29},"end":{"line":499,"column":13}},"line":497},"26":{"name":"updateScore","decl":{"start":{"line":507,"column":13},"end":{"line":507,"column":24}},"loc":{"start":{"line":507,"column":27},"end":{"line":510,"column":5}},"line":507},"27":{"name":"updateLives","decl":{"start":{"line":513,"column":13},"end":{"line":513,"column":24}},"loc":{"start":{"line":513,"column":27},"end":{"line":519,"column":5}},"line":513},"28":{"name":"shuffleArray","decl":{"start":{"line":522,"column":13},"end":{"line":522,"column":25}},"loc":{"start":{"line":522,"column":33},"end":{"line":528,"column":5}},"line":522},"29":{"name":"createFallingFood","decl":{"start":{"line":531,"column":13},"end":{"line":531,"column":30}},"loc":{"start":{"line":531,"column":33},"end":{"line":557,"column":5}},"line":531},"30":{"name":"(anonymous_30)","decl":{"start":{"line":536,"column":23},"end":{"line":536,"column":24}},"loc":{"start":{"line":536,"column":29},"end":{"line":555,"column":13}},"line":536},"31":{"name":"(anonymous_31)","decl":{"start":{"line":552,"column":27},"end":{"line":552,"column":28}},"loc":{"start":{"line":552,"column":33},"end":{"line":554,"column":17}},"line":552}},"branchMap":{"0":{"loc":{"start":{"line":63,"column":8},"end":{"line":70,"column":9}},"type":"if","locations":[{"start":{"line":63,"column":8},"end":{"line":70,"column":9}},{"start":{},"end":{}}],"line":63},"1":{"loc":{"start":{"line":83,"column":12},"end":{"line":85,"column":13}},"type":"if","locations":[{"start":{"line":83,"column":12},"end":{"line":85,"column":13}},{"start":{},"end":{}}],"line":83},"2":{"loc":{"start":{"line":109,"column":12},"end":{"line":111,"column":13}},"type":"if","locations":[{"start":{"line":109,"column":12},"end":{"line":111,"column":13}},{"start":{},"end":{}}],"line":109},"3":{"loc":{"start":{"line":129,"column":12},"end":{"line":135,"column":13}},"type":"if","locations":[{"start":{"line":129,"column":12},"end":{"line":135,"column":13}},{"start":{},"end":{}}],"line":129},"4":{"loc":{"start":{"line":131,"column":16},"end":{"line":134,"column":17}},"type":"if","locations":[{"start":{"line":131,"column":16},"end":{"line":134,"column":17}},{"start":{},"end":{}}],"line":131},"5":{"loc":{"start":{"line":131,"column":20},"end":{"line":131,"column":45}},"type":"binary-expr","locations":[{"start":{"line":131,"column":20},"end":{"line":131,"column":30}},{"start":{"line":131,"column":34},"end":{"line":131,"column":45}}],"line":131},"6":{"loc":{"start":{"line":163,"column":31},"end":{"line":163,"column":44}},"type":"default-arg","locations":[{"start":{"line":163,"column":38},"end":{"line":163,"column":44}}],"line":163},"7":{"loc":{"start":{"line":176,"column":32},"end":{"line":176,"column":74}},"type":"cond-expr","locations":[{"start":{"line":176,"column":53},"end":{"line":176,"column":62}},{"start":{"line":176,"column":65},"end":{"line":176,"column":74}}],"line":176},"8":{"loc":{"start":{"line":224,"column":8},"end":{"line":239,"column":9}},"type":"switch","locations":[{"start":{"line":225,"column":12},"end":{"line":227,"column":22}},{"start":{"line":228,"column":12},"end":{"line":230,"column":22}},{"start":{"line":231,"column":12},"end":{"line":238,"column":22}}],"line":224},"9":{"loc":{"start":{"line":233,"column":16},"end":{"line":237,"column":17}},"type":"if","locations":[{"start":{"line":233,"column":16},"end":{"line":237,"column":17}},{"start":{"line":235,"column":23},"end":{"line":237,"column":17}}],"line":233},"10":{"loc":{"start":{"line":269,"column":8},"end":{"line":271,"column":9}},"type":"if","locations":[{"start":{"line":269,"column":8},"end":{"line":271,"column":9}},{"start":{},"end":{}}],"line":269},"11":{"loc":{"start":{"line":342,"column":12},"end":{"line":345,"column":13}},"type":"if","locations":[{"start":{"line":342,"column":12},"end":{"line":345,"column":13}},{"start":{},"end":{}}],"line":342},"12":{"loc":{"start":{"line":348,"column":12},"end":{"line":350,"column":13}},"type":"if","locations":[{"start":{"line":348,"column":12},"end":{"line":350,"column":13}},{"start":{},"end":{}}],"line":348},"13":{"loc":{"start":{"line":348,"column":16},"end":{"line":348,"column":68}},"type":"binary-expr","locations":[{"start":{"line":348,"column":16},"end":{"line":348,"column":47}},{"start":{"line":348,"column":51},"end":{"line":348,"column":68}}],"line":348},"14":{"loc":{"start":{"line":363,"column":12},"end":{"line":386,"column":13}},"type":"if","locations":[{"start":{"line":363,"column":12},"end":{"line":386,"column":13}},{"start":{"line":365,"column":19},"end":{"line":386,"column":13}}],"line":363},"15":{"loc":{"start":{"line":379,"column":16},"end":{"line":385,"column":17}},"type":"if","locations":[{"start":{"line":379,"column":16},"end":{"line":385,"column":17}},{"start":{},"end":{}}],"line":379},"16":{"loc":{"start":{"line":413,"column":8},"end":{"line":417,"column":9}},"type":"if","locations":[{"start":{"line":413,"column":8},"end":{"line":417,"column":9}},{"start":{"line":415,"column":15},"end":{"line":417,"column":9}}],"line":413},"17":{"loc":{"start":{"line":443,"column":8},"end":{"line":454,"column":9}},"type":"if","locations":[{"start":{"line":443,"column":8},"end":{"line":454,"column":9}},{"start":{"line":451,"column":15},"end":{"line":454,"column":9}}],"line":443},"18":{"loc":{"start":{"line":444,"column":12},"end":{"line":450,"column":13}},"type":"if","locations":[{"start":{"line":444,"column":12},"end":{"line":450,"column":13}},{"start":{"line":448,"column":19},"end":{"line":450,"column":13}}],"line":444},"19":{"loc":{"start":{"line":481,"column":8},"end":{"line":489,"column":9}},"type":"if","locations":[{"start":{"line":481,"column":8},"end":{"line":489,"column":9}},{"start":{},"end":{}}],"line":481},"20":{"loc":{"start":{"line":482,"column":12},"end":{"line":488,"column":13}},"type":"if","locations":[{"start":{"line":482,"column":12},"end":{"line":488,"column":13}},{"start":{"line":486,"column":19},"end":{"line":488,"column":13}}],"line":482},"21":{"loc":{"start":{"line":494,"column":8},"end":{"line":501,"column":9}},"type":"if","locations":[{"start":{"line":494,"column":8},"end":{"line":501,"column":9}},{"start":{},"end":{}}],"line":494}},"s":{"0":0,"1":0,"2":0,"3":0,"4":0,"5":0,"6":0,"7":0,"8":0,"9":0,"10":0,"11":0,"12":0,"13":0,"14":0,"15":0,"16":0,"17":0,"18":0,"19":0,"20":0,"21":0,"22":0,"23":0,"24":0,"25":0,"26":0,"27":0,"28":0,"29":0,"30":0,"31":0,"32":0,"33":0,"34":0,"35":0,"36":0,"37":0,"38":0,"39":0,"40":0,"41":0,"42":0,"43":0,"44":0,"45":0,"46":0,"47":0,"48":0,"49":0,"50":0,"51":0,"52":0,"53":0,"54":0,"55":0,"56":0,"57":0,"58":0,"59":0,"60":0,"61":0,"62":0,"63":0,"64":0,"65":0,"66":0,"67":0,"68":0,"69":0,"70":0,"71":0,"72":0,"73":0,"74":0,"75":0,"76":0,"77":0,"78":0,"79":0,"80":0,"81":0,"82":0,"83":0,"84":0,"85":0,"86":0,"87":0,"88":0,"89":0,"90":0,"91":0,"92":0,"93":0,"94":0,"95":0,"96":0,"97":0,"98":0,"99":0,"100":0,"101":0,"102":0,"103":0,"104":0,"105":0,"106":0,"107":0,"108":0,"109":0,"110":0,"111":0,"112":0,"113":0,"114":0,"115":0,"116":0,"117":0,"118":0,"119":0,"120":0,"121":0,"122":0,"123":0,"124":0,"125":0,"126":0,"127":0,"128":0,"129":0,"130":0,"131":0,"132":0,"133":0,"134":0,"135":0,"136":0,"137":0,"138":0,"139":0,"140":0,"141":0,"142":0,"143":0,"144":0,"145":0,"146":0,"147":0,"148":0,"149":0,"150":0,"151":0,"152":0,"153":0,"154":0,"155":0,"156":0,"157":0,"158":0,"159":0,"160":0,"161":0,"162":0,"163":0,"164":0,"165":0,"166":0,"167":0,"168":0,"169":0,"170":0,"171":0,"172":0,"173":0,"174":0,"175":0,"176":0,"177":0,"178":0,"179":0,"180":0,"181":0,"182":0,"183":0,"184":0,"185":0,"186":0,"187":0,"188":0,"189":0,"190":0,"191":0,"192":0,"193":0,"194":0,"195":0,"196":0,"197":0,"198":0,"199":0,"200":0,"201":0,"202":0,"203":0,"204":0,"205":0,"206":0,"207":0,"208":0,"209":0,"210":0,"211":0,"212":0,"213":0,"214":0,"215":0,"216":0,"217":0,"218":0,"219":0,"220":0,"221":0,"222":0,"223":0,"224":0,"225":0,"226":0,"227":0,"228":0,"229":0,"230":0,"231":0,"232":0,"233":0,"234":0,"235":0,"236":0,"237":0,"238":0,"239":0,"240":0,"241":0,"242":0,"243":0,"244":0,"245":0,"246":0,"247":0,"248":0,"249":0,"250":0,"251":0,"252":0,"253":0,"254":0,"255":0,"256":0,"257":0,"258":0,"259":0,"260":0,"261":0,"262":0,"263":0,"264":0,"265":0,"266":0,"267":0,"268":0,"269":0,"270":0,"271":0,"272":0,"273":0,"274":0,"275":0,"276":0,"277":0,"278":0,"279":0,"280":0,"281":0,"282":0,"283":0,"284":0,"285":0,"286":0,"287":0,"288":0},"f":{"0":0,"1":0,"2":0,"3":0,"4":0,"5":0,"6":0,"7":0,"8":0,"9":0,"10":0,"11":0,"12":0,"13":0,"14":0,"15":0,"16":0,"17":0,"18":0,"19":0,"20":0,"21":0,"22":0,"23":0,"24":0,"25":0,"26":0,"27":0,"28":0,"29":0,"30":0,"31":0},"b":{"0":[0,0],"1":[0,0],"2":[0,0],"3":[0,0],"4":[0,0],"5":[0,0],"6":[0],"7":[0,0],"8":[0,0,0],"9":[0,0],"10":[0,0],"11":[0,0],"12":[0,0],"13":[0,0],"14":[0,0],"15":[0,0],"16":[0,0],"17":[0,0],"18":[0,0],"19":[0,0],"20":[0,0],"21":[0,0]}}
,"F:\\Coding Projects\\Game Collection\\Game-Collection\\games\\memory-card\\script.js": {"path":"F:\\Coding Projects\\Game Collection\\Game-Collection\\games\\memory-card\\script.js","statementMap":{"0":{"start":{"line":1,"column":0},"end":{"line":186,"column":3}},"1":{"start":{"line":3,"column":22},"end":{"line":3,"column":59}},"2":{"start":{"line":4,"column":21},"end":{"line":4,"column":57}},"3":{"start":{"line":5,"column":29},"end":{"line":5,"column":73}},"4":{"start":{"line":6,"column":25},"end":{"line":6,"column":57}},"5":{"start":{"line":7,"column":25},"end":{"line":7,"column":57}},"6":{"start":{"line":10,"column":16},"end":{"line":10,"column":18}},"7":{"start":{"line":11,"column":23},"end":{"line":11,"column":25}},"8":{"start":{"line":12,"column":23},"end":{"line":12,"column":24}},"9":{"start":{"line":13,"column":21},"end":{"line":13,"column":22}},"10":{"start":{"line":14,"column":16},"end":{"line":14,"column":17}},"11":{"start":{"line":15,"column":22},"end":{"line":15,"column":27}},"12":{"start":{"line":17,"column":18},"end":{"line":17,"column":19}},"13":{"start":{"line":18,"column":18},"end":{"line":18,"column":22}},"14":{"start":{"line":21,"column":20},"end":{"line":25,"column":5}},"15":{"start":{"line":28,"column":31},"end":{"line":32,"column":5}},"16":{"start":{"line":36,"column":8},"end":{"line":36,"column":20}},"17":{"start":{"line":37,"column":27},"end":{"line":37,"column":49}},"18":{"start":{"line":38,"column":31},"end":{"line":38,"column":61}},"19":{"start":{"line":39,"column":8},"end":{"line":39,"column":39}},"20":{"start":{"line":41,"column":8},"end":{"line":41,"column":69}},"21":{"start":{"line":44,"column":32},"end":{"line":44,"column":60}},"22":{"start":{"line":45,"column":8},"end":{"line":45,"column":57}},"23":{"start":{"line":48,"column":8},"end":{"line":48,"column":28}},"24":{"start":{"line":51,"column":8},"end":{"line":51,"column":33}},"25":{"start":{"line":52,"column":8},"end":{"line":77,"column":11}},"26":{"start":{"line":53,"column":25},"end":{"line":53,"column":54}},"27":{"start":{"line":54,"column":12},"end":{"line":54,"column":39}},"28":{"start":{"line":55,"column":12},"end":{"line":55,"column":39}},"29":{"start":{"line":56,"column":12},"end":{"line":56,"column":41}},"30":{"start":{"line":59,"column":30},"end":{"line":59,"column":59}},"31":{"start":{"line":60,"column":12},"end":{"line":60,"column":63}},"32":{"start":{"line":61,"column":12},"end":{"line":61,"column":38}},"33":{"start":{"line":64,"column":29},"end":{"line":64,"column":58}},"34":{"start":{"line":65,"column":12},"end":{"line":65,"column":61}},"35":{"start":{"line":66,"column":12},"end":{"line":66,"column":40}},"36":{"start":{"line":69,"column":12},"end":{"line":69,"column":40}},"37":{"start":{"line":70,"column":12},"end":{"line":70,"column":39}},"38":{"start":{"line":73,"column":12},"end":{"line":73,"column":53}},"39":{"start":{"line":76,"column":12},"end":{"line":76,"column":40}},"40":{"start":{"line":82,"column":8},"end":{"line":84,"column":9}},"41":{"start":{"line":83,"column":12},"end":{"line":83,"column":24}},"42":{"start":{"line":86,"column":8},"end":{"line":86,"column":29}},"43":{"start":{"line":86,"column":22},"end":{"line":86,"column":29}},"44":{"start":{"line":88,"column":29},"end":{"line":88,"column":33}},"45":{"start":{"line":89,"column":26},"end":{"line":89,"column":62}},"46":{"start":{"line":92,"column":8},"end":{"line":94,"column":9}},"47":{"start":{"line":93,"column":12},"end":{"line":93,"column":19}},"48":{"start":{"line":97,"column":8},"end":{"line":97,"column":46}},"49":{"start":{"line":98,"column":8},"end":{"line":98,"column":40}},"50":{"start":{"line":101,"column":8},"end":{"line":132,"column":9}},"51":{"start":{"line":102,"column":12},"end":{"line":102,"column":20}},"52":{"start":{"line":103,"column":12},"end":{"line":103,"column":56}},"53":{"start":{"line":104,"column":12},"end":{"line":104,"column":28}},"54":{"start":{"line":106,"column":30},"end":{"line":106,"column":45}},"55":{"start":{"line":107,"column":31},"end":{"line":107,"column":46}},"56":{"start":{"line":109,"column":12},"end":{"line":131,"column":13}},"57":{"start":{"line":111,"column":16},"end":{"line":122,"column":24}},"58":{"start":{"line":112,"column":20},"end":{"line":112,"column":55}},"59":{"start":{"line":113,"column":20},"end":{"line":113,"column":56}},"60":{"start":{"line":114,"column":20},"end":{"line":114,"column":38}},"61":{"start":{"line":115,"column":20},"end":{"line":115,"column":35}},"62":{"start":{"line":116,"column":20},"end":{"line":116,"column":35}},"63":{"start":{"line":119,"column":20},"end":{"line":121,"column":21}},"64":{"start":{"line":120,"column":24},"end":{"line":120,"column":34}},"65":{"start":{"line":125,"column":16},"end":{"line":130,"column":25}},"66":{"start":{"line":126,"column":20},"end":{"line":126,"column":58}},"67":{"start":{"line":127,"column":20},"end":{"line":127,"column":59}},"68":{"star
[...]
olumn":8},"end":{"line":128,"column":36}},"77":{"start":{"line":129,"column":8},"end":{"line":129,"column":39}},"78":{"start":{"line":132,"column":25},"end":{"line":132,"column":60}},"79":{"start":{"line":133,"column":27},"end":{"line":133,"column":29}},"80":{"start":{"line":134,"column":21},"end":{"line":134,"column":48}},"81":{"start":{"line":135,"column":21},"end":{"line":135,"column":49}},"82":{"start":{"line":138,"column":23},"end":{"line":138,"column":57}},"83":{"start":{"line":139,"column":8},"end":{"line":139,"column":37}},"84":{"start":{"line":143,"column":22},"end":{"line":143,"column":26}},"85":{"start":{"line":144,"column":23},"end":{"line":144,"column":24}},"86":{"start":{"line":145,"column":28},"end":{"line":145,"column":30}},"87":{"start":{"line":146,"column":32},"end":{"line":146,"column":71}},"88":{"start":{"line":148,"column":8},"end":{"line":172,"column":9}},"89":{"start":{"line":149,"column":12},"end":{"line":149,"column":62}},"90":{"start":{"line":150,"column":12},"end":{"line":150,"column":62}},"91":{"start":{"line":152,"column":12},"end":{"line":152,"column":28}},"92":{"start":{"line":154,"column":12},"end":{"line":169,"column":15}},"93":{"start":{"line":155,"column":37},"end":{"line":155,"column":75}},"94":{"start":{"line":156,"column":34},"end":{"line":156,"column":69}},"95":{"start":{"line":157,"column":34},"end":{"line":157,"column":68}},"96":{"start":{"line":160,"column":36},"end":{"line":160,"column":38}},"97":{"start":{"line":161,"column":33},"end":{"line":164,"column":17}},"98":{"start":{"line":166,"column":16},"end":{"line":168,"column":17}},"99":{"start":{"line":167,"column":20},"end":{"line":167,"column":35}},"100":{"start":{"line":171,"column":12},"end":{"line":171,"column":23}},"101":{"start":{"line":174,"column":8},"end":{"line":174,"column":37}},"102":{"start":{"line":175,"column":8},"end":{"line":175,"column":36}},"103":{"start":{"line":178,"column":8},"end":{"line":178,"column":62}},"104":{"start":{"line":179,"column":8},"end":{"line":179,"column":69}},"105":{"start":{"line":182,"column":27},"end":{"line":182,"column":74}},"106":{"start":{"line":183,"column":8},"end":{"line":183,"column":149}},"107":{"start":{"line":186,"column":8},"end":{"line":186,"column":54}},"108":{"start":{"line":188,"column":8},"end":{"line":188,"column":40}},"109":{"start":{"line":191,"column":30},"end":{"line":191,"column":67}},"110":{"start":{"line":193,"column":8},"end":{"line":300,"column":9}},"111":{"start":{"line":197,"column":16},"end":{"line":224,"column":17}},"112":{"start":{"line":199,"column":20},"end":{"line":199,"column":58}},"113":{"start":{"line":202,"column":20},"end":{"line":204,"column":28}},"114":{"start":{"line":203,"column":24},"end":{"line":203,"column":65}},"115":{"start":{"line":206,"column":20},"end":{"line":206,"column":38}},"116":{"start":{"line":207,"column":20},"end":{"line":207,"column":32}},"117":{"start":{"line":208,"column":20},"end":{"line":208,"column":34}},"118":{"start":{"line":211,"column":20},"end":{"line":213,"column":21}},"119":{"start":{"line":212,"column":24},"end":{"line":212,"column":40}},"120":{"start":{"line":216,"column":20},"end":{"line":216,"column":56}},"121":{"start":{"line":217,"column":20},"end":{"line":219,"column":28}},"122":{"start":{"line":218,"column":24},"end":{"line":218,"column":63}},"123":{"start":{"line":222,"column":20},"end":{"line":222,"column":51}},"124":{"start":{"line":223,"column":20},"end":{"line":223,"column":34}},"125":{"start":{"line":225,"column":16},"end":{"line":225,"column":22}},"126":{"start":{"line":228,"column":16},"end":{"line":261,"column":17}},"127":{"start":{"line":230,"column":20},"end":{"line":230,"column":58}},"128":{"start":{"line":233,"column":20},"end":{"line":235,"column":28}},"129":{"start":{"line":234,"column":24},"end":{"line":234,"column":65}},"130":{"start":{"line":237,"column":20},"end":{"line":237,"column":38}},"131":{"start":{"line":238,"column":20},"end":{"line":238,"column":32}},"132":{"start":{"line":239,"column":20},"end":{"line":239,"column":34}},"133":{"start":{"line":242,"column":34},"end":{"line":242,"column":64}},"134":{"start":{"line":243,"column":20},"end":{"line":245,"column":21}},"135":{"start":{"line":244,"column":24},"end":{"line":244,"column":49}},"136":{"start":{"line":248,"column":20},"end":{"line":250,"column":21}},"137":{"start":{"line":249,"column":24},"end":{"line":249,"column":40}},"138":{"start":{"line":253,"column":20},"end":{"line":253,"column":56}},"139":{"start":{"line":254,"column":20},"end":{"line":256,"column":28}},"140":{"start":{"line":255,"column":24},"end":{"line":255,"column":63}},"141":{"start":{"line":259,"column":20},"end":{"line":259,"column":51}},"142":{"start":{"line":260,"column":20},"end":{"line":260,"column":34}},"143":{"start":{"line":262,"column":16},"end":{"line":262,"column":22}},"144":{"start":{"line":265,"column":16},"end":{"line":298,"column":17}},"145":{"start":{"line":267,"column":20},"end":{"line":267,"column":58}},"146":{"start":{"line":270,"column":20},"end":{"line":272,"column":28}},"147":{"start":{"line":271,"column":24},"end":{"line":271,"column":65}},"148":{"start":{"line":274,"column":20},"end":{"line":274,"column":38}},"149":{"start":{"line":275,"column":20},"end":{"line":275,"column":32}},"150":{"start":{"line":276,"column":20},"end":{"line":276,"column":34}},"151":{"start":{"line":279,"column":34},"end":{"line":279,"column":64}},"152":{"start":{"line":280,"column":20},"end":{"line":282,"column":21}},"153":{"start":{"line":281,"column":24},"end":{"line":281,"column":49}},"154":{"start":{"line":285,"column":20},"end":{"line":287,"column":21}},"155":{"start":{"line":286,"column":24},"end":{"line":286,"column":40}},"156":{"start":{"line":290,"column":20},"end":{"line":290,"column":56}},"157":{"start":{"line":291,"column":20},"end":{"line":293,"column":28}},"158":{"start":{"line":292,"column":24},"end":{"line":292,"column":63}},"159":{"start":{"line":296,"column":20},"end":{"line":296,"column":51}},"160":{"start":{"line":297,"column":20},"end":{"line":297,"column":34}},"161":{"start":{"line":299,"column":16},"end":{"line":299,"column":22}},"162":{"start":{"line":305,"column":8},"end":{"line":305,"column":37}},"163":{"start":{"line":307,"column":8},"end":{"line":307,"column":16}},"164":{"start":{"line":308,"column":8},"end":{"line":308,"column":22}},"165":{"start":{"line":310,"column":8},"end":{"line":310,"column":108}},"166":{"start":{"line":311,"column":8},"end":{"line":311,"column":45}},"167":{"start":{"line":316,"column":8},"end":{"line":316,"column":37}},"168":{"start":{"line":317,"column":8},"end":{"line":328,"column":17}},"169":{"start":{"line":318,"column":12},"end":{"line":318,"column":23}},"170":{"start":{"line":319,"column":12},"end":{"line":319,"column":26}},"171":{"start":{"line":321,"column":12},"end":{"line":323,"column":13}},"172":{"start":{"line":322,"column":16},"end":{"line":322,"column":54}},"173":{"start":{"line":325,"column":12},"end":{"line":327,"column":13}},"174":{"start":{"line":326,"column":16},"end":{"line":326,"column":27}},"175":{"start":{"line":333,"column":8},"end":{"line":333,"column":37}},"176":{"start":{"line":335,"column":30},"end":{"line":335,"column":66}},"177":{"start":{"line":336,"column":8},"end":{"line":336,"column":50}},"178":{"start":{"line":337,"column":8},"end":{"line":337,"column":49}},"179":{"start":{"line":339,"column":8},"end":{"line":339,"column":89}},"180":{"start":{"line":340,"column":8},"end":{"line":340,"column":45}},"181":{"start":{"line":345,"column":8},"end":{"line":345,"column":53}},"182":{"start":{"line":346,"column":8},"end":{"line":346,"column":53}},"183":{"start":{"line":351,"column":8},"end":{"line":351,"column":44}},"184":{"start":{"line":356,"column":8},"end":{"line":356,"column":50}},"185":{"start":{"line":357,"column":8},"end":{"line":357,"column":28}},"186":{"start":{"line":358,"column":8},"end":{"line":358,"column":22}},"187":{"start":{"line":360,"column":8},"end":{"line":360,"column":42}},"188":{"start":{"line":362,"column":8},"end":{"line":362,"column":26}},"189":{"start":{"line":363,"column":8},"end":{"line":363,"column":21}},"190":{"start":{"line":368,"column":20},"end":{"line":368,"column":56}},"191":{"start":{"line":369,"column":20},"end":{"line":369,"column":46}},"192":{"start":{"line":370,"column":18},"end":{"line":370,"column":35}},"193":{"start":{"line":371,"column":18},"end":{"line":371,"column":43}},"194":{"start":{"line":372,"column":18},"end":{"line":372,"column":40}},"195":{"start":{"line":374,"column":8},"end":{"line":374,"column":130}},"196":{"start":{"line":379,"column":25},"end":{"line":379,"column":35}},"197":{"start":{"line":380,"column":8},"end":{"line":383,"column":9}},"198":{"start":{"line":380,"column":21},"end":{"line":380,"column":40}},"199":{"start":{"line":381,"column":22},"end":{"line":381,"column":57}},"200":{"start":{"line":382,"column":12},"end":{"line":382,"column":68}},"201":{"start":{"line":384,"column":8},"end":{"line":384,"column":24}},"202":{"start":{"line":388,"column":4},"end":{"line":388,"column":50}},"203":{"start":{"line":389,"column":4},"end":{"line":389,"column":49}}},"fnMap":{"0":{"name":"(anonymous_0)","decl":{"start":{"line":1,"column":46},"end":{"line":1,"column":47}},"loc":{"start":{"line":1,"column":52},"end":{"line":390,"column":1}},"line":1},"1":{"name":"startGame","decl":{"start":{"line":32,"column":13},"end":{"line":32,"column":22}},"loc":{"start":{"line":32,"column":25},"end":{"line":52,"column":5}},"line":32},"2":{"name":"generateBubbles","decl":{"start":{"line":55,"column":13},"end":{"line":55,"column":28}},"loc":{"start":{"line":55,"column":31},"end":{"line":124,"column":5}},"line":55},"3":{"name":"(anonymous_3)","decl":{"start":{"line":77,"column":44},"end":{"line":77,"column":45}},"loc":{"start":{"line":77,"column":54},"end":{"line":77,"column":59}},"line":77},"4":{"name":"(anonymous_4)","decl":{"start":{"line":89,"column":44},"end":{"line":89,"column":45}},"loc":{"start":{"line":89,"column":54},"end":{"line":89,"column":59}},"line":89},"5":{"name":"(anonymous_5)","decl":{"start":{"line":121,"column":24},"end":{"line":121,"column":25}},"loc":{"start":{"line":121,"column":34},"end":{"line":123,"column":9}},"line":121},"6":{"name":"createBubble","decl":{"start":{"line":125,"column":13},"end":{"line":125,"column":25}},"loc":{"start":{"line":125,"column":34},"end":{"line":189,"column":5}},"line":125},"7":{"name":"(anonymous_7)","decl":{"start":{"line":154,"column":36},"end":{"line":154,"column":37}},"loc":{"start":{"line":154,"column":54},"end":{"line":169,"column":13}},"line":154},"8":{"name":"checkBubble","decl":{"start":{"line":190,"column":13},"end":{"line":190,"column":24}},"loc":{"start":{"line":190,"column":32},"end":{"line":301,"column":5}},"line":190},"9":{"name":"(anonymous_9)","decl":{"start":{"line":202,"column":31},"end":{"line":202,"column":32}},"loc":{"start":{"line":202,"column":37},"end":{"line":204,"column":21}},"line":202},"10":{"name":"(anonymous_10)","decl":{"start":{"line":217,"column":31},"end":{"line":217,"column":32}},"loc":{"start":{"line":217,"column":37},"end":{"line":219,"column":21}},"line":217},"11":{"name":"(anonymous_11)","decl":{"start":{"line":233,"column":31},"end":{"line":233,"column":32}},"loc":{"start":{"line":233,"column":37},"end":{"line":235,"column":21}},"line":233},"12":{"name":"(anonymous_12)","decl":{"start":{"line":254,"column":31},"end":{"line":254,"column":32}},"loc":{"start":{"line":254,"column":37},"end":{"line":256,"column":21}},"line":254},"13":{"name":"(anonymous_13)","decl":{"start":{"line":270,"column":31},"end":{"line":270,"column":32}},"loc":{"start":{"line":270,"column":37},"end":{"line":272,"column":21}},"line":270},"14":{"name":"(anonymous_14)","decl":{"start":{"line":291,"column":31},"end":{"line":291,"column":32}},"loc":{"start":{"line":291,"column":37},"end":{"line":293,"column":21}},"line":291},"15":{"name":"levelComplete","decl":{"start":{"line":304,"column":13},"end":{"line":304,"column":26}},"loc":{"start":{"line":304,"column":29},"end":{"line":312,"column":5}},"line":304},"16":{"name":"startTimer","decl":{"start":{"line":315,"column":13},"end":{"line":315,"column":23}},"loc":{"start":{"line":315,"column":26},"end":{"line":329,"column":5}},"line":315},"17":{"name":"(anonymous_17)","decl":{"start":{"line":317,"column":36},"end":{"line":317,"column":37}},"loc":{"start":{"line":317,"column":42},"end":{"line":328,"column":9}},"line":317},"18":{"name":"gameOver","decl":{"start":{"line":332,"column":13},"end":{"line":332,"column":21}},"loc":{"start":{"line":332,"column":24},"end":{"line":341,"column":5}},"line":332},"19":{"name":"updateScore","decl":{"start":{"line":344,"column":13},"end":{"line":344,"column":24}},"loc":{"start":{"line":344,"column":27},"end":{"line":347,"column":5}},"line":344},"20":{"name":"updateTimer","decl":{"start":{"line":350,"column":13},"end":{"line":350,"column":24}},"loc":{"start":{"line":350,"column":27},"end":{"line":352,"column":5}},"line":350},"21":{"name":"nextLevel","decl":{"start":{"line":355,"column":13},"end":{"line":355,"column":22}},"loc":{"start":{"line":355,"column":25},"end":{"line":364,"column":5}},"line":355},"22":{"name":"lightenColor","decl":{"start":{"line":367,"column":13},"end":{"line":367,"column":25}},"loc":{"start":{"line":367,"column":42},"end":{"line":375,"column":5}},"line":367},"23":{"name":"shuffleArray","decl":{"start":{"line":378,"column":13},"end":{"line":378,"column":25}},"loc":{"start":{"line":378,"column":33},"end":{"line":385,"column":5}},"line":378}},"branchMap":{"0":{"loc":{"start":{"line":67,"column":8},"end":{"line":115,"column":9}},"type":"switch","locations":[{"start":{"line":68,"column":12},"end":{"line":78,"column":22}},{"start":{"line":80,"column":12},"end":{"line":90,"column":22}},{"start":{"line":92,"column":12},"end":{"line":102,"column":22}},{"start":{"line":104,"column":12},"end":{"line":114,"column":22}}],"line":67},"1":{"loc":{"start":{"line":72,"column":20},"end":{"line":74,"column":21}},"type":"if","locations":[{"start":{"line":72,"column":20},"end":{"line":74,"column":21}},{"start":{},"end":{}}],"line":72},"2":{"loc":{"start":{"line":84,"column":20},"end":{"line":86,"column":21}},"type":"if","locations":[{"start":{"line":84,"column":20},"end":{"line":86,"column":21}},{"start":{},"end":{}}],"line":84},"3":{"loc":{"start":{"line":148,"column":15},"end":{"line":148,"column":48}},"type":"binary-expr","locations":[{"start":{"line":148,"column":15},"end":{"line":148,"column":22}},{"start":{"line":148,"column":26},"end":{"line":148,"column":48}}],"line":148},"4":{"loc":{"start":{"line":166,"column":16},"end":{"line":168,"column":17}},"type":"if","locations":[{"start":{"line":166,"column":16},"end":{"line":168,"column":17}},{"start":{},"end":{}}],"line":166},"5":{"loc":{"start":{"line":193,"column":8},"end":{"line":300,"column":9}},"type":"switch","locations":[{"start":{"line":194,"column":12},"end":{"line":194,"column":29}},{"start":{"line":195,"column":12},"end":{"line":225,"column":22}},{"start":{"line":226,"column":18},"end":{"line":262,"column":22}},{"start":{"line":263,"column":18},"end":{"line":299,"column":22}}],"line":193},"6":{"loc":{"start":{"line":197,"column":16},"end":{"line":224,"column":17}},"type":"if","locations":[{"start":{"line":197,"column":16},"end":{"line":224,"column":17}},{"start":{"line":214,"column":23},"end":{"line":224,"column":17}}],"line":197},"7":{"loc":{"start":{"line":211,"column":20},"end":{"line":213,"column":21}},"type":"if","locations":[{"start":{"line":211,"column":20},"end":{"line":213,"column":21}},{"start":{},"end":{}}],"line":211},"8":{"loc":{"start":{"line":228,"column":16},"end":{"line":261,"column":17}},"type":"if","locations":[{"start":{"line":228,"column":16},"end":{"line":261,"column":17}},{"start":{"line":251,"column":23},"end":{"line":261,"column":17}}],"line":228},"9":{"loc":{"start":{"line":243,"column":20},"end":{"line":245,"column":21}},"type":"if","locations":[{"start":{"line":243,"column":20},"end":{"line":245,"column":21}},{"start":{},"end":{}}],"line":243},"10":{"loc":{"start":{"line":248,"column":20},"end":{"line":250,"column":21}},"type":"if","locations":[{"start":{"line":248,"column":20},"end":{"line":250,"column":21}},{"start":{},"end":{}}],"line":248},"11":{"loc":{"start":{"line":265,"column":16},"end":{"line":298,"column":17}},"type":"if","locations":[{"start":{"line":265,"column":16},"end":{"line":298,"column":17}},{"start":{"line":288,"column":23},"end":{"line":298,"column":17}}],"line":265},"12":{"loc":{"start":{"line":280,"column":20},"end":{"line":282,"column":21}},"type":"if","locations":[{"start":{"line":280,"column":20},"end":{"line":282,"column":21}},{"start":{},"end":{}}],"line":280},"13":{"loc":{"start":{"line":285,"column":20},"end":{"line":287,"column":21}},"type":"if","locations":[{"start":{"line":285,"column":20},"end":{"line":287,"column":21}},{"start":{},"end":{}}],"line":285},"14":{"loc":{"start":{"line":321,"column":12},"end":{"line":323,"column":13}},"type":"if","locations":[{"start":{"line":321,"column":12},"end":{"line":323,"column":13}},{"start":{},"end":{}}],"line":321},"15":{"loc":{"start":{"line":325,"column":12},"end":{"line":327,"column":13}},"type":"if","locations":[{"start":{"line":325,"column":12},"end":{"line":327,"column":13}},{"start":{},"end":{}}],"line":325},"16":{"loc":{"start":{"line":374,"column":31},"end":{"line":374,"column":48}},"type":"cond-expr","locations":[{"start":{"line":374,"column":41},"end":{"line":374,"column":42}},{"start":{"line":374,"column":45},"end":{"line":374,"column":48}}],"line":374},"17":{"loc":{"start":{"line":374,"column":59},"end":{"line":374,"column":76}},"type":"cond-expr","locations":[{"start":{"line":374,"column":69},"end":{"line":374,"column":70}},{"start":{"line":374,"column":73},"end":{"line":374,"column":76}}],"line":374},"18":{"loc":{"start":{"line":374,"column":86},"end":{"line":374,"column":103}},"type":"cond-expr","locations":[{"start":{"line":374,"column":96},"end":{"line":374,"column":97}},{"start":{"line":374,"column":100},"end":{"line":374,"column":103}}],"line":374}},"s":{"0":0,"1":0,"2":0,"3":0,"4":0,"5":0,"6":0,"7":0,"8":0,"9":0,"10":0,"11":0,"12":0,"13":0,"14":0,"15":0,"16":0,"17":0,"18":0,"19":0,"20":0,"21":0,"22":0,"23":0,"24":0,"25":0,"26":0,"27":0,"28":0,"29":0,"30":0,"31":0,"32":0,"33":0,"34":0,"35":0,"36":0,"37":0,"38":0,"39":0,"40":0,"41":0,"42":0,"43":0,"44":0,"45":0,"46":0,"47":0,"48":0,"49":0,"50":0,"51":0,"52":0,"53":0,"54":0,"55":0,"56":0,"57":0,"58":0,"59":0,"60":0,"61":0,"62":0,"63":0,"64":0,"65":0,"66":0,"67":0,"68":0,"69":0,"70":0,"71":0,"72":0,"73":0,"74":0,"75":0,"76":0,"77":0,"78":0,"79":0,"80":0,"81":0,"82":0,"83":0,"84":0,"85":0,"86":0,"87":0,"88":0,"89":0,"90":0,"91":0,"92":0,"93":0,"94":0,"95":0,"96":0,"97":0,"98":0,"99":0,"100":0,"101":0,"102":0,"103":0,"104":0,"105":0,"106":0,"107":0,"108":0,"109":0,"110":0,"111":0,"112":0,"113":0,"114":0,"115":0,"116":0,"117":0,"118":0,"119":0,"120":0,"121":0,"122":0,"123":0,"124":0,"125":0,"126":0,"127":0,"128":0,"129":0,"130":0,"131":0,"132":0,"133":0,"134":0,"135":0,"136":0,"137":0,"138":0,"139":0,"140":0,"141":0,"142":0,"143":0,"144":0,"145":0,"146":0,"147":0,"148":0,"149":0,"150":0,"151":0,"152":0,"153":0,"154":0,"155":0,"156":0,"157":0,"158":0,"159":0,"160":0,"161":0,"162":0,"163":0,"164":0,"165":0,"166":0,"167":0,"168":0,"169":0,"170":0,"171":0,"172":0,"173":0,"174":0,"175":0,"176":0,"177":0,"178":0,"179":0,"180":0,"181":0,"182":0,"183":0,"184":0,"185":0,"186":0,"187":0,"188":0,"189":0,"190":0,"191":0,"192":0,"193":0,"194":0,"195":0,"196":0,"197":0,"198":0,"199":0,"200":0,"201":0,"202":0,"203":0},"f":{"0":0,"1":0,"2":0,"3":0,"4":0,"5":0,"6":0,"7":0,"8":0,"9":0,"10":0,"11":0,"12":0,"13":0,"14":0,"15":0,"16":0,"17":0,"18":0,"19":0,"20":0,"21":0,"22":0,"23":0},"b":{"0":[0,0,0,0],"1":[0,0],"2":[0,0],"3":[0,0],"4":[0,0],"5":[0,0,0,0],"6":[0,0],"7":[0,0],"8":[0,0],"9":[0,0],"10":[0,0],"11":[0,0],"12":[0,0],"13":[0,0],"14":[0,0],"15":[0,0],"16":[0,0],"17":[0,0],"18":[0,0]}}
}
