TN:
SF:main.js
FN:1,(anonymous_0)
FN:9,createPlaceholderImage
FN:12,(anonymous_2)
FN:22,(anonymous_3)
FN:23,(anonymous_4)
FN:27,(anonymous_5)
FNF:6
FNH:0
FNDA:0,(anonymous_0)
FNDA:0,createPlaceholderImage
FNDA:0,(anonymous_2)
FNDA:0,(anonymous_3)
FNDA:0,(anonymous_4)
FNDA:0,(anonymous_5)
DA:1,1
DA:3,0
DA:6,0
DA:10,0
DA:11,0
DA:12,0
DA:14,0
DA:18,0
DA:21,0
DA:22,0
DA:23,0
DA:24,0
DA:27,0
DA:28,0
LF:14
LH:1
BRF:0
BRH:0
end_of_record
TN:
SF:games\counting-farm\script.js
FN:1,(anonymous_0)
FN:31,createClouds
FN:45,startGame
FN:64,generateQuestion
FN:84,generateCountingQuestion
FN:134,generateComparingQuestion
FN:266,generateGroupingQuestion
FN:344,generateSharingQuestion
FN:418,createAnswerOptions
FN:452,(anonymous_9)
FN:463,checkAnswer
FN:493,updateScore
FN:499,nextQuestion
FN:506,shuffleArray
FNF:14
FNH:0
FNDA:0,(anonymous_0)
FNDA:0,createClouds
FNDA:0,startGame
FNDA:0,generateQuestion
FNDA:0,generateCountingQuestion
FNDA:0,generateComparingQuestion
FNDA:0,generateGroupingQuestion
FNDA:0,generateSharingQuestion
FNDA:0,createAnswerOptions
FNDA:0,(anonymous_9)
FNDA:0,checkAnswer
FNDA:0,updateScore
FNDA:0,nextQuestion
FNDA:0,shuffleArray
DA:1,0
DA:3,0
DA:4,0
DA:5,0
DA:6,0
DA:7,0
DA:8,0
DA:9,0
DA:10,0
DA:11,0
DA:14,0
DA:15,0
DA:16,0
DA:17,0
DA:18,0
DA:21,0
DA:32,0
DA:33,0
DA:34,0
DA:35,0
DA:36,0
DA:37,0
DA:38,0
DA:39,0
DA:40,0
DA:41,0
DA:46,0
DA:47,0
DA:48,0
DA:49,0
DA:52,0
DA:53,0
DA:54,0
DA:56,0
DA:57,0
DA:58,0
DA:60,0
DA:65,0
DA:67,0
DA:69,0
DA:70,0
DA:72,0
DA:73,0
DA:75,0
DA:76,0
DA:78,0
DA:79,0
DA:84,0
DA:85,0
DA:86,0
DA:90,0
DA:91,0
DA:92,0
DA:93,0
DA:96,0
DA:97,0
DA:98,0
DA:99,0
DA:102,0
DA:103,0
DA:106,0
DA:107,0
DA:108,0
DA:109,0
DA:111,0
DA:116,0
DA:117,0
DA:118,0
DA:119,0
DA:120,0
DA:123,0
DA:124,0
DA:127,0
DA:130,0
DA:135,0
DA:136,0
DA:138,0
DA:139,0
DA:143,0
DA:144,0
DA:145,0
DA:146,0
DA:149,0
DA:150,0
DA:155,0
DA:156,0
DA:157,0
DA:158,0
DA:159,0
DA:161,0
DA:164,0
DA:165,0
DA:166,0
DA:167,0
DA:168,0
DA:171,0
DA:172,0
DA:173,0
DA:174,0
DA:175,0
DA:176,0
DA:177,0
DA:179,0
DA:180,0
DA:182,0
DA:183,0
DA:184,0
DA:185,0
DA:186,0
DA:191,0
DA:192,0
DA:193,0
DA:194,0
DA:195,0
DA:196,0
DA:199,0
DA:200,0
DA:203,0
DA:204,0
DA:205,0
DA:206,0
DA:207,0
DA:208,0
DA:209,0
DA:211,0
DA:212,0
DA:214,0
DA:215,0
DA:216,0
DA:217,0
DA:218,0
DA:223,0
DA:224,0
DA:225,0
DA:226,0
DA:227,0
DA:228,0
DA:231,0
DA:232,0
DA:234,0
DA:237,0
DA:238,0
DA:240,0
DA:241,0
DA:242,0
DA:243,0
DA:244,0
DA:246,0
DA:247,0
DA:248,0
DA:249,0
DA:250,0
DA:252,0
DA:253,0
DA:254,0
DA:255,0
DA:256,0
DA:258,0
DA:259,0
DA:260,0
DA:262,0
DA:267,0
DA:268,0
DA:270,0
DA:271,0
DA:273,0
DA:275,0
DA:276,0
DA:277,0
DA:279,0
DA:280,0
DA:283,0
DA:284,0
DA:285,0
DA:287,0
DA:288,0
DA:292,0
DA:293,0
DA:294,0
DA:295,0
DA:298,0
DA:299,0
DA:302,0
DA:303,0
DA:304,0
DA:305,0
DA:306,0
DA:311,0
DA:312,0
DA:313,0
DA:314,0
DA:315,0
DA:316,0
DA:319,0
DA:322,0
DA:323,0
DA:325,0
DA:326,0
DA:327,0
DA:328,0
DA:329,0
DA:331,0
DA:332,0
DA:333,0
DA:334,0
DA:335,0
DA:337,0
DA:338,0
DA:340,0
DA:345,0
DA:346,0
DA:348,0
DA:349,0
DA:351,0
DA:352,0
DA:354,0
DA:356,0
DA:359,0
DA:360,0
DA:361,0
DA:362,0
DA:365,0
DA:366,0
DA:369,0
DA:370,0
DA:371,0
DA:372,0
DA:373,0
DA:378,0
DA:379,0
DA:380,0
DA:381,0
DA:382,0
DA:383,0
DA:386,0
DA:389,0
DA:390,0
DA:391,0
DA:392,0
DA:393,0
DA:394,0
DA:396,0
DA:397,0
DA:398,0
DA:399,0
DA:400,0
DA:401,0
DA:402,0
DA:403,0
DA:404,0
DA:405,0
DA:406,0
DA:407,0
DA:408,0
DA:409,0
DA:410,0
DA:413,0
DA:416,0
DA:419,0
DA:420,0
DA:423,0
DA:426,0
DA:429,0
DA:432,0
DA:433,0
DA:434,0
DA:437,0
DA:438,0
DA:439,0
DA:442,0
DA:443,0
DA:444,0
DA:449,0
DA:452,0
DA:453,0
DA:454,0
DA:455,0
DA:456,0
DA:457,0
DA:458,0
DA:461,0
DA:464,0
DA:465,0
DA:468,0
DA:470,0
DA:471,0
DA:472,0
DA:473,0
DA:474,0
DA:477,0
DA:478,0
DA:479,0
DA:482,0
DA:483,0
DA:484,0
DA:487,0
DA:488,0
DA:489,0
DA:494,0
DA:495,0
DA:500,0
DA:501,0
DA:502,0
DA:507,0
DA:508,0
DA:509,0
DA:510,0
DA:512,0
DA:516,0
DA:517,0
DA:520,0
LF:311
LH:0
BRDA:67,0,0,0
BRDA:67,0,1,0
BRDA:67,0,2,0
BRDA:67,0,3,0
BRDA:111,1,0,0
BRDA:111,1,1,0
BRDA:112,2,0,0
BRDA:112,2,1,0
BRDA:113,3,0,0
BRDA:113,3,1,0
BRDA:114,4,0,0
BRDA:114,4,1,0
BRDA:115,5,0,0
BRDA:115,5,1,0
BRDA:150,6,0,0
BRDA:150,6,1,0
BRDA:151,7,0,0
BRDA:151,7,1,0
BRDA:151,8,0,0
BRDA:151,8,1,0
BRDA:152,9,0,0
BRDA:152,9,1,0
BRDA:152,10,0,0
BRDA:152,10,1,0
BRDA:157,11,0,0
BRDA:157,11,1,0
BRDA:158,12,0,0
BRDA:158,12,1,0
BRDA:186,13,0,0
BRDA:186,13,1,0
BRDA:187,14,0,0
BRDA:187,14,1,0
BRDA:188,15,0,0
BRDA:188,15,1,0
BRDA:189,16,0,0
BRDA:189,16,1,0
BRDA:190,17,0,0
BRDA:190,17,1,0
BRDA:218,18,0,0
BRDA:218,18,1,0
BRDA:219,19,0,0
BRDA:219,19,1,0
BRDA:220,20,0,0
BRDA:220,20,1,0
BRDA:221,21,0,0
BRDA:221,21,1,0
BRDA:222,22,0,0
BRDA:222,22,1,0
BRDA:273,23,0,0
BRDA:273,23,1,0
BRDA:306,24,0,0
BRDA:306,24,1,0
BRDA:307,25,0,0
BRDA:307,25,1,0
BRDA:308,26,0,0
BRDA:308,26,1,0
BRDA:309,27,0,0
BRDA:309,27,1,0
BRDA:310,28,0,0
BRDA:310,28,1,0
BRDA:373,29,0,0
BRDA:373,29,1,0
BRDA:374,30,0,0
BRDA:374,30,1,0
BRDA:375,31,0,0
BRDA:375,31,1,0
BRDA:376,32,0,0
BRDA:376,32,1,0
BRDA:377,33,0,0
BRDA:377,33,1,0
BRDA:437,34,0,0
BRDA:437,34,1,0
BRDA:443,35,0,0
BRDA:443,35,1,0
BRDA:443,36,0,0
BRDA:443,36,1,0
BRDA:470,37,0,0
BRDA:470,37,1,0
BRDA:477,38,0,0
BRDA:477,38,1,0
BRF:80
BRH:0
end_of_record
TN:
SF:games\math-monster-munch\script.js
FN:1,(anonymous_0)
FN:54,init
FN:61,loadLevelConfig
FN:75,saveLevelConfig
FN:80,updateLevelConfigInputs
FN:90,updateStartingLevelOptions
FN:92,(anonymous_6)
FN:99,setupEventListeners
FN:108,(anonymous_8)
FN:116,openLevelConfig
FN:121,closeLevelConfig
FN:126,saveLevelConfigFromInputs
FN:146,resetLevelConfig
FN:163,showMessage
FN:181,(anonymous_14)
FN:187,startGame
FN:211,generateQuestion
FN:243,generateAdditionQuestion
FN:263,generateSubtractionQuestion
FN:289,createMonster
FN:327,createAnswerOptions
FN:357,(anonymous_21)
FN:398,checkAnswer
FN:424,handleCorrectAnswer
FN:461,handleIncorrectAnswer
FN:497,(anonymous_25)
FN:507,updateScore
FN:513,updateLives
FN:522,shuffleArray
FN:531,createFallingFood
FN:536,(anonymous_30)
FN:552,(anonymous_31)
FNF:32
FNH:0
FNDA:0,(anonymous_0)
FNDA:0,init
FNDA:0,loadLevelConfig
FNDA:0,saveLevelConfig
FNDA:0,updateLevelConfigInputs
FNDA:0,updateStartingLevelOptions
FNDA:0,(anonymous_6)
FNDA:0,setupEventListeners
FNDA:0,(anonymous_8)
FNDA:0,openLevelConfig
FNDA:0,closeLevelConfig
FNDA:0,saveLevelConfigFromInputs
FNDA:0,resetLevelConfig
FNDA:0,showMessage
FNDA:0,(anonymous_14)
FNDA:0,startGame
FNDA:0,generateQuestion
FNDA:0,generateAdditionQuestion
FNDA:0,generateSubtractionQuestion
FNDA:0,createMonster
FNDA:0,createAnswerOptions
FNDA:0,(anonymous_21)
FNDA:0,checkAnswer
FNDA:0,handleCorrectAnswer
FNDA:0,handleIncorrectAnswer
FNDA:0,(anonymous_25)
FNDA:0,updateScore
FNDA:0,updateLives
FNDA:0,shuffleArray
FNDA:0,createFallingFood
FNDA:0,(anonymous_30)
FNDA:0,(anonymous_31)
DA:1,0
DA:3,0
DA:4,0
DA:5,0
DA:6,0
DA:7,0
DA:8,0
DA:9,0
DA:10,0
DA:11,0
DA:12,0
DA:13,0
DA:14,0
DA:15,0
DA:16,0
DA:17,0
DA:18,0
DA:21,0
DA:22,0
DA:23,0
DA:24,0
DA:25,0
DA:26,0
DA:27,0
DA:28,0
DA:29,0
DA:32,0
DA:41,0
DA:51,0
DA:55,0
DA:56,0
DA:57,0
DA:62,0
DA:63,0
DA:64,0
DA:65,0
DA:66,0
DA:68,0
DA:71,0
DA:76,0
DA:81,0
DA:82,0
DA:83,0
DA:84,0
DA:91,0
DA:92,0
DA:93,0
DA:94,0
DA:100,0
DA:101,0
DA:102,0
DA:103,0
DA:104,0
DA:105,0
DA:108,0
DA:109,0
DA:110,0
DA:117,0
DA:122,0
DA:127,0
DA:128,0
DA:129,0
DA:130,0
DA:131,0
DA:132,0
DA:133,0
DA:137,0
DA:138,0
DA:139,0
DA:142,0
DA:147,0
DA:154,0
DA:155,0
DA:156,0
DA:159,0
DA:164,0
DA:165,0
DA:166,0
DA:167,0
DA:180,0
DA:181,0
DA:182,0
DA:188,0
DA:189,0
DA:190,0
DA:191,0
DA:192,0
DA:193,0
DA:195,0
DA:196,0
DA:199,0
DA:200,0
DA:201,0
DA:203,0
DA:204,0
DA:205,0
DA:207,0
DA:212,0
DA:213,0
DA:216,0
DA:219,0
DA:222,0
DA:224,0
DA:226,0
DA:227,0
DA:229,0
DA:230,0
DA:233,0
DA:234,0
DA:236,0
DA:238,0
DA:244,0
DA:245,0
DA:246,0
DA:247,0
DA:250,0
DA:251,0
DA:252,0
DA:253,0
DA:256,0
DA:259,0
DA:264,0
DA:265,0
DA:266,0
DA:269,0
DA:270,0
DA:273,0
DA:276,0
DA:277,0
DA:278,0
DA:279,0
DA:282,0
DA:285,0
DA:290,0
DA:291,0
DA:293,0
DA:294,0
DA:296,0
DA:297,0
DA:298,0
DA:300,0
DA:301,0
DA:304,0
DA:305,0
DA:306,0
DA:308,0
DA:309,0
DA:311,0
DA:312,0
DA:315,0
DA:316,0
DA:318,0
DA:319,0
DA:320,0
DA:321,0
DA:323,0
DA:328,0
DA:329,0
DA:332,0
DA:335,0
DA:337,0
DA:338,0
DA:339,0
DA:342,0
DA:343,0
DA:344,0
DA:347,0
DA:348,0
DA:349,0
DA:354,0
DA:357,0
DA:358,0
DA:359,0
DA:362,0
DA:363,0
DA:364,0
DA:366,0
DA:367,0
DA:370,0
DA:371,0
DA:372,0
DA:373,0
DA:375,0
DA:379,0
DA:380,0
DA:381,0
DA:382,0
DA:384,0
DA:388,0
DA:389,0
DA:390,0
DA:391,0
DA:394,0
DA:400,0
DA:401,0
DA:402,0
DA:405,0
DA:408,0
DA:411,0
DA:413,0
DA:414,0
DA:416,0
DA:420,0
DA:425,0
DA:428,0
DA:429,0
DA:432,0
DA:433,0
DA:436,0
DA:437,0
DA:438,0
DA:440,0
DA:443,0
DA:444,0
DA:445,0
DA:446,0
DA:447,0
DA:449,0
DA:452,0
DA:453,0
DA:456,0
DA:457,0
DA:462,0
DA:465,0
DA:466,0
DA:469,0
DA:470,0
DA:473,0
DA:474,0
DA:475,0
DA:476,0
DA:478,0
DA:481,0
DA:482,0
DA:483,0
DA:484,0
DA:485,0
DA:487,0
DA:491,0
DA:494,0
DA:495,0
DA:497,0
DA:498,0
DA:500,0
DA:503,0
DA:508,0
DA:509,0
DA:514,0
DA:515,0
DA:516,0
DA:518,0
DA:523,0
DA:524,0
DA:525,0
DA:527,0
DA:532,0
DA:533,0
DA:535,0
DA:536,0
DA:537,0
DA:538,0
DA:539,0
DA:540,0
DA:541,0
DA:542,0
DA:543,0
DA:544,0
DA:545,0
DA:546,0
DA:547,0
DA:548,0
DA:549,0
DA:552,0
DA:553,0
DA:560,0
DA:561,0
DA:567,0
DA:570,0
DA:573,0
DA:574,0
LF:280
LH:0
BRDA:63,0,0,0
BRDA:63,0,1,0
BRDA:83,1,0,0
BRDA:83,1,1,0
BRDA:109,2,0,0
BRDA:109,2,1,0
BRDA:129,3,0,0
BRDA:129,3,1,0
BRDA:131,4,0,0
BRDA:131,4,1,0
BRDA:131,5,0,0
BRDA:131,5,1,0
BRDA:163,6,0,0
BRDA:176,7,0,0
BRDA:176,7,1,0
BRDA:224,8,0,0
BRDA:224,8,1,0
BRDA:224,8,2,0
BRDA:233,9,0,0
BRDA:233,9,1,0
BRDA:269,10,0,0
BRDA:269,10,1,0
BRDA:342,11,0,0
BRDA:342,11,1,0
BRDA:348,12,0,0
BRDA:348,12,1,0
BRDA:348,13,0,0
BRDA:348,13,1,0
BRDA:363,14,0,0
BRDA:363,14,1,0
BRDA:379,15,0,0
BRDA:379,15,1,0
BRDA:413,16,0,0
BRDA:413,16,1,0
BRDA:443,17,0,0
BRDA:443,17,1,0
BRDA:444,18,0,0
BRDA:444,18,1,0
BRDA:481,19,0,0
BRDA:481,19,1,0
BRDA:482,20,0,0
BRDA:482,20,1,0
BRDA:494,21,0,0
BRDA:494,21,1,0
BRF:44
BRH:0
end_of_record
TN:
SF:games\memory-card\script.js
FN:1,(anonymous_0)
FN:35,initGame
FN:52,(anonymous_2)
FN:81,flipCard
FN:111,(anonymous_4)
FN:125,(anonymous_5)
FN:136,startGame
FN:144,endGame
FN:146,(anonymous_8)
FN:152,resetGame
FN:166,updateTimer
FN:172,shuffleArray
FNF:12
FNH:0
FNDA:0,(anonymous_0)
FNDA:0,initGame
FNDA:0,(anonymous_2)
FNDA:0,flipCard
FNDA:0,(anonymous_4)
FNDA:0,(anonymous_5)
FNDA:0,startGame
FNDA:0,endGame
FNDA:0,(anonymous_8)
FNDA:0,resetGame
FNDA:0,updateTimer
FNDA:0,shuffleArray
DA:1,0
DA:3,0
DA:4,0
DA:5,0
DA:6,0
DA:7,0
DA:10,0
DA:11,0
DA:12,0
DA:13,0
DA:14,0
DA:15,0
DA:17,0
DA:18,0
DA:21,0
DA:28,0
DA:36,0
DA:37,0
DA:38,0
DA:39,0
DA:41,0
DA:44,0
DA:45,0
DA:48,0
DA:51,0
DA:52,0
DA:53,0
DA:54,0
DA:55,0
DA:56,0
DA:59,0
DA:60,0
DA:61,0
DA:64,0
DA:65,0
DA:66,0
DA:69,0
DA:70,0
DA:73,0
DA:76,0
DA:82,0
DA:83,0
DA:86,0
DA:88,0
DA:89,0
DA:92,0
DA:93,0
DA:97,0
DA:98,0
DA:101,0
DA:102,0
DA:103,0
DA:104,0
DA:106,0
DA:107,0
DA:109,0
DA:111,0
DA:112,0
DA:113,0
DA:114,0
DA:115,0
DA:116,0
DA:119,0
DA:120,0
DA:125,0
DA:126,0
DA:127,0
DA:128,0
DA:129,0
DA:137,0
DA:138,0
DA:139,0
DA:140,0
DA:145,0
DA:146,0
DA:147,0
DA:153,0
DA:154,0
DA:155,0
DA:156,0
DA:157,0
DA:158,0
DA:160,0
DA:161,0
DA:162,0
DA:167,0
DA:168,0
DA:173,0
DA:174,0
DA:175,0
DA:177,0
DA:181,0
DA:182,0
DA:185,0
LF:94
LH:0
BRDA:82,0,0,0
BRDA:82,0,1,0
BRDA:86,1,0,0
BRDA:86,1,1,0
BRDA:92,2,0,0
BRDA:92,2,1,0
BRDA:92,3,0,0
BRDA:92,3,1,0
BRDA:101,4,0,0
BRDA:101,4,1,0
BRDA:109,5,0,0
BRDA:109,5,1,0
BRDA:119,6,0,0
BRDA:119,6,1,0
BRF:14
BRH:0
end_of_record
TN:
SF:games\number-bubbles\script.js
FN:1,(anonymous_0)
FN:32,startGame
FN:55,generateBubbles
FN:77,(anonymous_3)
FN:89,(anonymous_4)
FN:121,(anonymous_5)
FN:125,createBubble
FN:154,(anonymous_7)
FN:190,checkBubble
FN:202,(anonymous_9)
FN:217,(anonymous_10)
FN:233,(anonymous_11)
FN:254,(anonymous_12)
FN:270,(anonymous_13)
FN:291,(anonymous_14)
FN:304,levelComplete
FN:315,startTimer
FN:317,(anonymous_17)
FN:332,gameOver
FN:344,updateScore
FN:350,updateTimer
FN:355,nextLevel
FN:367,lightenColor
FN:378,shuffleArray
FNF:24
FNH:0
FNDA:0,(anonymous_0)
FNDA:0,startGame
FNDA:0,generateBubbles
FNDA:0,(anonymous_3)
FNDA:0,(anonymous_4)
FNDA:0,(anonymous_5)
FNDA:0,createBubble
FNDA:0,(anonymous_7)
FNDA:0,checkBubble
FNDA:0,(anonymous_9)
FNDA:0,(anonymous_10)
FNDA:0,(anonymous_11)
FNDA:0,(anonymous_12)
FNDA:0,(anonymous_13)
FNDA:0,(anonymous_14)
FNDA:0,levelComplete
FNDA:0,startTimer
FNDA:0,(anonymous_17)
FNDA:0,gameOver
FNDA:0,updateScore
FNDA:0,updateTimer
FNDA:0,nextLevel
FNDA:0,lightenColor
FNDA:0,shuffleArray
DA:1,0
DA:3,0
DA:4,0
DA:5,0
DA:6,0
DA:7,0
DA:8,0
DA:9,0
DA:10,0
DA:11,0
DA:12,0
DA:15,0
DA:16,0
DA:17,0
DA:18,0
DA:19,0
DA:20,0
DA:21,0
DA:22,0
DA:33,0
DA:34,0
DA:35,0
DA:36,0
DA:37,0
DA:38,0
DA:39,0
DA:42,0
DA:43,0
DA:44,0
DA:46,0
DA:47,0
DA:48,0
DA:50,0
DA:51,0
DA:56,0
DA:57,0
DA:58,0
DA:61,0
DA:64,0
DA:65,0
DA:67,0
DA:70,0
DA:71,0
DA:72,0
DA:73,0
DA:77,0
DA:78,0
DA:82,0
DA:83,0
DA:84,0
DA:85,0
DA:89,0
DA:90,0
DA:94,0
DA:95,0
DA:96,0
DA:99,0
DA:100,0
DA:101,0
DA:102,0
DA:106,0
DA:107,0
DA:108,0
DA:111,0
DA:112,0
DA:113,0
DA:114,0
DA:118,0
DA:121,0
DA:122,0
DA:126,0
DA:127,0
DA:128,0
DA:129,0
DA:132,0
DA:133,0
DA:134,0
DA:135,0
DA:138,0
DA:139,0
DA:143,0
DA:144,0
DA:145,0
DA:146,0
DA:148,0
DA:149,0
DA:150,0
DA:152,0
DA:154,0
DA:155,0
DA:156,0
DA:157,0
DA:160,0
DA:161,0
DA:166,0
DA:167,0
DA:171,0
DA:174,0
DA:175,0
DA:178,0
DA:179,0
DA:182,0
DA:183,0
DA:186,0
DA:188,0
DA:191,0
DA:193,0
DA:197,0
DA:199,0
DA:202,0
DA:203,0
DA:206,0
DA:207,0
DA:208,0
DA:211,0
DA:212,0
DA:216,0
DA:217,0
DA:218,0
DA:222,0
DA:223,0
DA:225,0
DA:228,0
DA:230,0
DA:233,0
DA:234,0
DA:237,0
DA:238,0
DA:239,0
DA:242,0
DA:243,0
DA:244,0
DA:248,0
DA:249,0
DA:253,0
DA:254,0
DA:255,0
DA:259,0
DA:260,0
DA:262,0
DA:265,0
DA:267,0
DA:270,0
DA:271,0
DA:274,0
DA:275,0
DA:276,0
DA:279,0
DA:280,0
DA:281,0
DA:285,0
DA:286,0
DA:290,0
DA:291,0
DA:292,0
DA:296,0
DA:297,0
DA:299,0
DA:305,0
DA:307,0
DA:308,0
DA:310,0
DA:311,0
DA:316,0
DA:317,0
DA:318,0
DA:319,0
DA:321,0
DA:322,0
DA:325,0
DA:326,0
DA:333,0
DA:335,0
DA:336,0
DA:337,0
DA:339,0
DA:340,0
DA:345,0
DA:346,0
DA:351,0
DA:356,0
DA:357,0
DA:358,0
DA:360,0
DA:362,0
DA:363,0
DA:368,0
DA:369,0
DA:370,0
DA:371,0
DA:372,0
DA:374,0
DA:379,0
DA:380,0
DA:381,0
DA:382,0
DA:384,0
DA:388,0
DA:389,0
LF:199
LH:0
BRDA:67,0,0,0
BRDA:67,0,1,0
BRDA:67,0,2,0
BRDA:67,0,3,0
BRDA:72,1,0,0
BRDA:72,1,1,0
BRDA:84,2,0,0
BRDA:84,2,1,0
BRDA:148,3,0,0
BRDA:148,3,1,0
BRDA:166,4,0,0
BRDA:166,4,1,0
BRDA:193,5,0,0
BRDA:193,5,1,0
BRDA:193,5,2,0
BRDA:193,5,3,0
BRDA:197,6,0,0
BRDA:197,6,1,0
BRDA:211,7,0,0
BRDA:211,7,1,0
BRDA:228,8,0,0
BRDA:228,8,1,0
BRDA:243,9,0,0
BRDA:243,9,1,0
BRDA:248,10,0,0
BRDA:248,10,1,0
BRDA:265,11,0,0
BRDA:265,11,1,0
BRDA:280,12,0,0
BRDA:280,12,1,0
BRDA:285,13,0,0
BRDA:285,13,1,0
BRDA:321,14,0,0
BRDA:321,14,1,0
BRDA:325,15,0,0
BRDA:325,15,1,0
BRDA:374,16,0,0
BRDA:374,16,1,0
BRDA:374,17,0,0
BRDA:374,17,1,0
BRDA:374,18,0,0
BRDA:374,18,1,0
BRF:42
BRH:0
end_of_record
